Copyright 1986-2022 Xilinx, Inc. All Rights Reserved.
------------------------------------------------------------------------------------
| Tool Version : Vivado v.2022.2 (win64) Build 3671981 Fri Oct 14 05:00:03 MDT 2022
| Date         : Wed Apr  8 22:24:08 2026
| Host         : TuanUSau running 64-bit major release  (build 9200)
| Command      : report_timing_summary -file timing.rpt
| Design       : top
| Device       : 7z020-clg400
| Speed File   : -1  PRODUCTION 1.12 2019-11-22
------------------------------------------------------------------------------------

Timing Summary Report

------------------------------------------------------------------------------------------------
| Timer Settings
| --------------
------------------------------------------------------------------------------------------------

  Enable Multi Corner Analysis               :  Yes
  Enable Pessimism Removal                   :  Yes
  Pessimism Removal Resolution               :  Nearest Common Node
  Enable Input Delay Default Clock           :  No
  Enable Preset / Clear Arcs                 :  No
  Disable Flight Delays                      :  No
  Ignore I/O Paths                           :  No
  Timing Early Launch at Borrowing Latches   :  No
  Borrow Time for Max Delay Exceptions       :  Yes
  Merge Timing Exceptions                    :  Yes

  Corner  Analyze    Analyze    
  Name    Max Paths  Min Paths  
  ------  ---------  ---------  
  Slow    Yes        Yes        
  Fast    Yes        Yes        


------------------------------------------------------------------------------------------------
| Report Methodology
| ------------------
------------------------------------------------------------------------------------------------

No report available as report_methodology has not been run prior. Run report_methodology on the current design for the summary of methodology violations.



check_timing report

Table of Contents
-----------------
1. checking no_clock (0)
2. checking constant_clock (0)
3. checking pulse_width_clock (0)
4. checking unconstrained_internal_endpoints (0)
5. checking no_input_delay (0)
6. checking no_output_delay (0)
7. checking multiple_clock (0)
8. checking generated_clocks (0)
9. checking loops (0)
10. checking partial_input_delay (0)
11. checking partial_output_delay (0)
12. checking latch_loops (0)

1. checking no_clock (0)
------------------------
 There are 0 register/latch pins with no clock.


2. checking constant_clock (0)
------------------------------
 There are 0 register/latch pins with constant_clock.


3. checking pulse_width_clock (0)
---------------------------------
 There are 0 register/latch pins which need pulse_width check


4. checking unconstrained_internal_endpoints (0)
------------------------------------------------
 There are 0 pins that are not constrained for maximum delay.

 There are 0 pins that are not constrained for maximum delay due to constant clock.


5. checking no_input_delay (0)
------------------------------
 There are 0 input ports with no input delay specified.

 There are 0 input ports with no input delay but user has a false path constraint.


6. checking no_output_delay (0)
-------------------------------
 There are 0 ports with no output delay specified.

 There are 0 ports with no output delay but user has a false path constraint

 There are 0 ports with no output delay but with a timing clock defined on it or propagating through it


7. checking multiple_clock (0)
------------------------------
 There are 0 register/latch pins with multiple clocks.


8. checking generated_clocks (0)
--------------------------------
 There are 0 generated clocks that are not connected to a clock source.


9. checking loops (0)
---------------------
 There are 0 combinational loops in the design.


10. checking partial_input_delay (0)
------------------------------------
 There are 0 input ports with partial input delay specified.


11. checking partial_output_delay (0)
-------------------------------------
 There are 0 ports with partial output delay specified.


12. checking latch_loops (0)
----------------------------
 There are 0 combinational latch loops in the design through latch input



------------------------------------------------------------------------------------------------
| Design Timing Summary
| ---------------------
------------------------------------------------------------------------------------------------

    WNS(ns)      TNS(ns)  TNS Failing Endpoints  TNS Total Endpoints      WHS(ns)      THS(ns)  THS Failing Endpoints  THS Total Endpoints     WPWS(ns)     TPWS(ns)  TPWS Failing Endpoints  TPWS Total Endpoints  
    -------      -------  ---------------------  -------------------      -------      -------  ---------------------  -------------------     --------     --------  ----------------------  --------------------  
     -3.747     -947.717                    304                 1945       -0.702     -328.520                    468                 1945        4.000        0.000                       0                   565  


Timing constraints are not met.


------------------------------------------------------------------------------------------------
| Clock Summary
| -------------
------------------------------------------------------------------------------------------------

Clock    Waveform(ns)       Period(ns)      Frequency(MHz)
-----    ------------       ----------      --------------
sys_clk  {0.000 5.250}      10.500          95.238          


------------------------------------------------------------------------------------------------
| Intra Clock Table
| -----------------
------------------------------------------------------------------------------------------------

Clock             WNS(ns)      TNS(ns)  TNS Failing Endpoints  TNS Total Endpoints      WHS(ns)      THS(ns)  THS Failing Endpoints  THS Total Endpoints     WPWS(ns)     TPWS(ns)  TPWS Failing Endpoints  TPWS Total Endpoints  
-----             -------      -------  ---------------------  -------------------      -------      -------  ---------------------  -------------------     --------     --------  ----------------------  --------------------  
sys_clk            -3.747     -947.717                    304                 1477        0.115        0.000                      0                 1477        4.000        0.000                       0                   565  


------------------------------------------------------------------------------------------------
| Inter Clock Table
| -----------------
------------------------------------------------------------------------------------------------

From Clock    To Clock          WNS(ns)      TNS(ns)  TNS Failing Endpoints  TNS Total Endpoints      WHS(ns)      THS(ns)  THS Failing Endpoints  THS Total Endpoints  
----------    --------          -------      -------  ---------------------  -------------------      -------      -------  ---------------------  -------------------  


------------------------------------------------------------------------------------------------
| Other Path Groups Table
| -----------------------
------------------------------------------------------------------------------------------------

Path Group         From Clock         To Clock               WNS(ns)      TNS(ns)  TNS Failing Endpoints  TNS Total Endpoints      WHS(ns)      THS(ns)  THS Failing Endpoints  THS Total Endpoints  
----------         ----------         --------               -------      -------  ---------------------  -------------------      -------      -------  ---------------------  -------------------  
**async_default**  sys_clk            sys_clk                  8.278        0.000                      0                  468       -0.702     -328.520                    468                  468  


------------------------------------------------------------------------------------------------
| Timing Details
| --------------
------------------------------------------------------------------------------------------------


---------------------------------------------------------------------------------------------------
From Clock:  sys_clk
  To Clock:  sys_clk

Setup :          304  Failing Endpoints,  Worst Slack       -3.747ns,  Total Violation     -947.717ns
Hold  :            0  Failing Endpoints,  Worst Slack        0.115ns,  Total Violation        0.000ns
PW    :            0  Failing Endpoints,  Worst Slack        4.000ns,  Total Violation        0.000ns
---------------------------------------------------------------------------------------------------


Max Delay Paths
--------------------------------------------------------------------------------------
Slack (VIOLATED) :        -3.747ns  (required time - arrival time)
  Source:                 mem_wb_reg_inst/reg_write_out_reg/C
                            (rising edge-triggered cell FDCE clocked by sys_clk  {rise@0.000ns fall@5.250ns period=10.500ns})
  Destination:            if_id_reg_inst/instr_out_reg[0]/CE
                            (rising edge-triggered cell FDCE clocked by sys_clk  {rise@0.000ns fall@5.250ns period=10.500ns})
  Path Group:             sys_clk
  Path Type:              Setup (Max at Slow Process Corner)
  Requirement:            10.500ns  (sys_clk rise@10.500ns - sys_clk rise@0.000ns)
  Data Path Delay:        13.865ns  (logic 2.377ns (17.144%)  route 11.488ns (82.856%))
  Logic Levels:           14  (LUT2=1 LUT3=1 LUT4=2 LUT5=3 LUT6=7)
  Clock Path Skew:        -0.145ns (DCD - SCD + CPR)
    Destination Clock Delay (DCD):    2.128ns = ( 12.628 - 10.500 ) 
    Source Clock Delay      (SCD):    2.456ns
    Clock Pessimism Removal (CPR):    0.184ns
  Clock Uncertainty:      0.035ns  ((TSJ^2 + TIJ^2)^1/2 + DJ) / 2 + PE
    Total System Jitter     (TSJ):    0.071ns
    Total Input Jitter      (TIJ):    0.000ns
    Discrete Jitter          (DJ):    0.000ns
    Phase Error              (PE):    0.000ns

    Location             Delay type                Incr(ns)  Path(ns)    Netlist Resource(s)
  -------------------------------------------------------------------    -------------------
                         (clock sys_clk rise edge)    0.000     0.000 r  
                                                      0.000     0.000 r  clk (IN)
                         net (fo=0)                   0.000     0.000    clk
                         IBUF (Prop_ibuf_I_O)         0.972     0.972 r  clk_IBUF_inst/O
                         net (fo=1, unplaced)         0.800     1.771    clk_IBUF
                         BUFG (Prop_bufg_I_O)         0.101     1.872 r  clk_IBUF_BUFG_inst/O
                         net (fo=564, unplaced)       0.584     2.456    mem_wb_reg_inst/clk
                         FDCE                                         r  mem_wb_reg_inst/reg_write_out_reg/C
  -------------------------------------------------------------------    -------------------
                         FDCE (Prop_fdce_C_Q)         0.478     2.934 r  mem_wb_reg_inst/reg_write_out_reg/Q
                         net (fo=4, unplaced)         0.989     3.923    forward_inst/mem_wb_reg_write
                         LUT6 (Prop_lut6_I0_O)        0.295     4.218 r  forward_inst/forward_a[0]_INST_0_i_2/O
                         net (fo=2, unplaced)         1.122     5.340    forward_inst/p_4_in
                         LUT6 (Prop_lut6_I1_O)        0.124     5.464 r  forward_inst/forward_a[0]_INST_0/O
                         net (fo=32, unplaced)        0.490     5.954    forward_a[0]
                         LUT5 (Prop_lut5_I2_O)        0.124     6.078 f  alu_inst_i_72/O
                         net (fo=5, unplaced)         0.477     6.555    forwarded_a_raw[24]
                         LUT4 (Prop_lut4_I0_O)        0.124     6.679 f  alu_inst_i_8/O
                         net (fo=20, unplaced)        1.171     7.850    alu_inst/a[24]
                         LUT5 (Prop_lut5_I0_O)        0.124     7.974 f  alu_inst/result[16]_INST_0_i_8/O
                         net (fo=4, unplaced)         0.926     8.900    alu_inst/result[16]_INST_0_i_8_n_0
                         LUT6 (Prop_lut6_I1_O)        0.124     9.024 f  alu_inst/result[14]_INST_0_i_5/O
                         net (fo=2, unplaced)         0.913     9.937    alu_inst/result[14]_INST_0_i_5_n_0
                         LUT6 (Prop_lut6_I1_O)        0.124    10.061 f  alu_inst/result[14]_INST_0_i_2/O
                         net (fo=1, unplaced)         0.902    10.963    alu_inst/result[14]_INST_0_i_2_n_0
                         LUT5 (Prop_lut5_I0_O)        0.124    11.087 f  alu_inst/result[14]_INST_0_i_1/O
                         net (fo=1, unplaced)         0.449    11.536    alu_inst/result[14]_INST_0_i_1_n_0
                         LUT6 (Prop_lut6_I5_O)        0.124    11.660 f  alu_inst/result[14]_INST_0/O
                         net (fo=3, unplaced)         0.920    12.580    alu_inst/result[14]
                         LUT4 (Prop_lut4_I1_O)        0.124    12.704 r  alu_inst/zero_INST_0_i_4/O
                         net (fo=1, unplaced)         1.111    13.815    alu_inst/zero_INST_0_i_4_n_0
                         LUT6 (Prop_lut6_I3_O)        0.124    13.939 r  alu_inst/zero_INST_0/O
                         net (fo=1, unplaced)         0.449    14.388    alu_zero
                         LUT6 (Prop_lut6_I5_O)        0.124    14.512 r  pc_reg_inst_i_35/O
                         net (fo=2, unplaced)         0.460    14.972    pc_reg_inst_i_35_n_0
                         LUT3 (Prop_lut3_I1_O)        0.116    15.088 r  pc_reg_inst_i_2/O
                         net (fo=97, unplaced)        0.548    15.636    if_id_reg_inst/flush
                         LUT2 (Prop_lut2_I0_O)        0.124    15.760 r  if_id_reg_inst/pc_out[31]_i_1/O
                         net (fo=64, unplaced)        0.561    16.321    if_id_reg_inst/pc_out[31]_i_1_n_0
                         FDCE                                         r  if_id_reg_inst/instr_out_reg[0]/CE
  -------------------------------------------------------------------    -------------------

                         (clock sys_clk rise edge)   10.500    10.500 r  
                                                      0.000    10.500 r  clk (IN)
                         net (fo=0)                   0.000    10.500    clk
                         IBUF (Prop_ibuf_I_O)         0.838    11.338 r  clk_IBUF_inst/O
                         net (fo=1, unplaced)         0.760    12.098    clk_IBUF
                         BUFG (Prop_bufg_I_O)         0.091    12.189 r  clk_IBUF_BUFG_inst/O
                         net (fo=564, unplaced)       0.439    12.628    if_id_reg_inst/clk
                         FDCE                                         r  if_id_reg_inst/instr_out_reg[0]/C
                         clock pessimism              0.184    12.811    
                         clock uncertainty           -0.035    12.776    
                         FDCE (Setup_fdce_C_CE)      -0.202    12.574    if_id_reg_inst/instr_out_reg[0]
  -------------------------------------------------------------------
                         required time                         12.574    
                         arrival time                         -16.321    
  -------------------------------------------------------------------
                         slack                                 -3.747    





Min Delay Paths
--------------------------------------------------------------------------------------
Slack (MET) :             0.115ns  (arrival time - required time)
  Source:                 mem_wb_reg_inst/rd_addr_out_reg[3]/C
                            (rising edge-triggered cell FDCE clocked by sys_clk  {rise@0.000ns fall@5.250ns period=10.500ns})
  Destination:            regfile_inst/regs_reg_r1_0_31_0_5/RAMA/WADR3
                            (rising edge-triggered cell RAMD32 clocked by sys_clk  {rise@0.000ns fall@5.250ns period=10.500ns})
  Path Group:             sys_clk
  Path Type:              Hold (Min at Fast Process Corner)
  Requirement:            0.000ns  (sys_clk rise@0.000ns - sys_clk rise@0.000ns)
  Data Path Delay:        0.447ns  (logic 0.147ns (32.908%)  route 0.300ns (67.092%))
  Logic Levels:           0  
  Clock Path Skew:        0.145ns (DCD - SCD - CPR)
    Destination Clock Delay (DCD):    1.032ns
    Source Clock Delay      (SCD):    0.678ns
    Clock Pessimism Removal (CPR):    0.210ns

    Location             Delay type                Incr(ns)  Path(ns)    Netlist Resource(s)
  -------------------------------------------------------------------    -------------------
                         (clock sys_clk rise edge)    0.000     0.000 r  
                                                      0.000     0.000 r  clk (IN)
                         net (fo=0)                   0.000     0.000    clk
                         IBUF (Prop_ibuf_I_O)         0.200     0.200 r  clk_IBUF_inst/O
                         net (fo=1, unplaced)         0.337     0.538    clk_IBUF
                         BUFG (Prop_bufg_I_O)         0.026     0.564 r  clk_IBUF_BUFG_inst/O
                         net (fo=564, unplaced)       0.114     0.678    mem_wb_reg_inst/clk
                         FDCE                                         r  mem_wb_reg_inst/rd_addr_out_reg[3]/C
  -------------------------------------------------------------------    -------------------
                         FDCE (Prop_fdce_C_Q)         0.147     0.825 r  mem_wb_reg_inst/rd_addr_out_reg[3]/Q
                         net (fo=98, unplaced)        0.300     1.124    regfile_inst/regs_reg_r1_0_31_0_5/ADDRD3
                         RAMD32                                       r  regfile_inst/regs_reg_r1_0_31_0_5/RAMA/WADR3
  -------------------------------------------------------------------    -------------------

                         (clock sys_clk rise edge)    0.000     0.000 r  
                                                      0.000     0.000 r  clk (IN)
                         net (fo=0)                   0.000     0.000    clk
                         IBUF (Prop_ibuf_I_O)         0.389     0.389 r  clk_IBUF_inst/O
                         net (fo=1, unplaced)         0.355     0.744    clk_IBUF
                         BUFG (Prop_bufg_I_O)         0.029     0.773 r  clk_IBUF_BUFG_inst/O
                         net (fo=564, unplaced)       0.259     1.032    regfile_inst/regs_reg_r1_0_31_0_5/WCLK
                         RAMD32                                       r  regfile_inst/regs_reg_r1_0_31_0_5/RAMA/CLK
                         clock pessimism             -0.210     0.823    
                         RAMD32 (Hold_ramd32_CLK_WADR3)
                                                      0.187     1.010    regfile_inst/regs_reg_r1_0_31_0_5/RAMA
  -------------------------------------------------------------------
                         required time                         -1.010    
                         arrival time                           1.124    
  -------------------------------------------------------------------
                         slack                                  0.115    





Pulse Width Checks
--------------------------------------------------------------------------------------
Clock Name:         sys_clk
Waveform(ns):       { 0.000 5.250 }
Period(ns):         10.500
Sources:            { clk }

Check Type        Corner  Lib Pin             Reference Pin  Required(ns)  Actual(ns)  Slack(ns)  Location  Pin
Min Period        n/a     RAMB36E1/CLKARDCLK  n/a            2.944         10.500      7.556                dmem_inst/mem_reg/CLKARDCLK
Low Pulse Width   Slow    RAMD32/CLK          n/a            1.250         5.250       4.000                regfile_inst/regs_reg_r1_0_31_0_5/RAMA/CLK
High Pulse Width  Slow    RAMD32/CLK          n/a            1.250         5.250       4.000                regfile_inst/regs_reg_r1_0_31_0_5/RAMA/CLK



---------------------------------------------------------------------------------------------------
Path Group:  **async_default**
From Clock:  sys_clk
  To Clock:  sys_clk

Setup :            0  Failing Endpoints,  Worst Slack        8.278ns,  Total Violation        0.000ns
Hold  :          468  Failing Endpoints,  Worst Slack       -0.702ns,  Total Violation     -328.520ns
---------------------------------------------------------------------------------------------------


Max Delay Paths
--------------------------------------------------------------------------------------
Slack (MET) :             8.278ns  (required time - arrival time)
  Source:                 rst
                            (input port clocked by sys_clk  {rise@0.000ns fall@5.250ns period=10.500ns})
  Destination:            bram_done_reg/CLR
                            (recovery check against rising-edge clock sys_clk  {rise@0.000ns fall@5.250ns period=10.500ns})
  Path Group:             **async_default**
  Path Type:              Recovery (Max at Fast Process Corner)
  Requirement:            10.500ns  (sys_clk rise@10.500ns - sys_clk rise@0.000ns)
  Data Path Delay:        0.744ns  (logic 0.389ns (52.320%)  route 0.355ns (47.680%))
  Logic Levels:           1  (IBUF=1)
  Input Delay:            2.000ns
  Clock Path Skew:        0.678ns (DCD - SCD + CPR)
    Destination Clock Delay (DCD):    0.678ns = ( 11.178 - 10.500 ) 
    Source Clock Delay      (SCD):    0.000ns
    Clock Pessimism Removal (CPR):    0.000ns
  Clock Uncertainty:      0.035ns  ((TSJ^2 + TIJ^2)^1/2 + DJ) / 2 + PE
    Total System Jitter     (TSJ):    0.071ns
    Total Input Jitter      (TIJ):    0.000ns
    Discrete Jitter          (DJ):    0.000ns
    Phase Error              (PE):    0.000ns

    Location             Delay type                Incr(ns)  Path(ns)    Netlist Resource(s)
  -------------------------------------------------------------------    -------------------
                         (clock sys_clk rise edge)    0.000     0.000 r  
                         input delay                  2.000     2.000    
                                                      0.000     2.000 f  rst (IN)
                         net (fo=0)                   0.000     2.000    rst
                         IBUF (Prop_ibuf_I_O)         0.389     2.389 f  rst_IBUF_inst/O
                         net (fo=468, unplaced)       0.355     2.744    rst_IBUF
                         FDCE                                         f  bram_done_reg/CLR
  -------------------------------------------------------------------    -------------------

                         (clock sys_clk rise edge)   10.500    10.500 r  
                                                      0.000    10.500 r  clk (IN)
                         net (fo=0)                   0.000    10.500    clk
                         IBUF (Prop_ibuf_I_O)         0.200    10.700 r  clk_IBUF_inst/O
                         net (fo=1, unplaced)         0.337    11.038    clk_IBUF
                         BUFG (Prop_bufg_I_O)         0.026    11.064 r  clk_IBUF_BUFG_inst/O
                         net (fo=564, unplaced)       0.114    11.178    clk_IBUF_BUFG
                         FDCE                                         r  bram_done_reg/C
                         clock pessimism              0.000    11.178    
                         clock uncertainty           -0.035    11.142    
                         FDCE (Recov_fdce_C_CLR)     -0.120    11.022    bram_done_reg
  -------------------------------------------------------------------
                         required time                         11.022    
                         arrival time                          -2.744    
  -------------------------------------------------------------------
                         slack                                  8.278    





Min Delay Paths
--------------------------------------------------------------------------------------
Slack (VIOLATED) :        -0.702ns  (arrival time - required time)
  Source:                 rst
                            (input port clocked by sys_clk  {rise@0.000ns fall@5.250ns period=10.500ns})
  Destination:            bram_done_reg/CLR
                            (removal check against rising-edge clock sys_clk  {rise@0.000ns fall@5.250ns period=10.500ns})
  Path Group:             **async_default**
  Path Type:              Removal (Min at Slow Process Corner)
  Requirement:            0.000ns  (sys_clk rise@0.000ns - sys_clk rise@0.000ns)
  Data Path Delay:        1.598ns  (logic 0.838ns (52.451%)  route 0.760ns (47.549%))
  Logic Levels:           1  (IBUF=1)
  Input Delay:            0.000ns
  Clock Path Skew:        2.456ns (DCD - SCD - CPR)
    Destination Clock Delay (DCD):    2.456ns
    Source Clock Delay      (SCD):    0.000ns
    Clock Pessimism Removal (CPR):    -0.000ns
  Clock Uncertainty:      0.035ns  ((TSJ^2 + TIJ^2)^1/2 + DJ) / 2 + PE
    Total System Jitter     (TSJ):    0.071ns
    Total Input Jitter      (TIJ):    0.000ns
    Discrete Jitter          (DJ):    0.000ns
    Phase Error              (PE):    0.000ns

    Location             Delay type                Incr(ns)  Path(ns)    Netlist Resource(s)
  -------------------------------------------------------------------    -------------------
                         (clock sys_clk rise edge)    0.000     0.000 r  
                         input delay                  0.000     0.000    
                                                      0.000     0.000 f  rst (IN)
                         net (fo=0)                   0.000     0.000    rst
                         IBUF (Prop_ibuf_I_O)         0.838     0.838 f  rst_IBUF_inst/O
                         net (fo=468, unplaced)       0.760     1.598    rst_IBUF
                         FDCE                                         f  bram_done_reg/CLR
  -------------------------------------------------------------------    -------------------

                         (clock sys_clk rise edge)    0.000     0.000 r  
                                                      0.000     0.000 r  clk (IN)
                         net (fo=0)                   0.000     0.000    clk
                         IBUF (Prop_ibuf_I_O)         0.972     0.972 r  clk_IBUF_inst/O
                         net (fo=1, unplaced)         0.800     1.771    clk_IBUF
                         BUFG (Prop_bufg_I_O)         0.101     1.872 r  clk_IBUF_BUFG_inst/O
                         net (fo=564, unplaced)       0.584     2.456    clk_IBUF_BUFG
                         FDCE                                         r  bram_done_reg/C
                         clock pessimism              0.000     2.456    
                         clock uncertainty            0.035     2.492    
                         FDCE (Remov_fdce_C_CLR)     -0.192     2.300    bram_done_reg
  -------------------------------------------------------------------
                         required time                         -2.300    
                         arrival time                           1.598    
  -------------------------------------------------------------------
                         slack                                 -0.702    





