#-----------------------------------------------------------
# Vivado v2022.2 (64-bit)
# SW Build 3671981 on Fri Oct 14 05:00:03 MDT 2022
# IP Build 3669848 on Fri Oct 14 08:30:02 MDT 2022
# Start of session at: Wed Apr  8 22:23:20 2026
# Process ID: 1540
# Current directory: E:/VSCode/Github/Gitpush/riscv_pipeline/rtl
# Command line: vivado.exe -mode batch -source run_synth.tcl
# Log file: E:/VSCode/Github/Gitpush/riscv_pipeline/rtl/vivado.log
# Journal file: E:/VSCode/Github/Gitpush/riscv_pipeline/rtl\vivado.jou
# Running On: TuanUSau, OS: Windows, CPU Frequency: 3194 MHz, CPU Physical cores: 16, Host memory: 17024 MB
#-----------------------------------------------------------
source run_synth.tcl
# create_project -in_memory -part xc7z020clg400-1
# read_verilog [glob *.v]
# read_xdc timing.xdc
# synth_design -top top -part xc7z020clg400-1
Command: synth_design -top top -part xc7z020clg400-1
Starting synth_design
Attempting to get a license for feature 'Synthesis' and/or device 'xc7z020'
INFO: [Common 17-349] Got license for feature 'Synthesis' and/or device 'xc7z020'
INFO: [Device 21-403] Loading part xc7z020clg400-1
INFO: [Synth 8-7079] Multithreading enabled for synth_design using a maximum of 2 processes.
INFO: [Synth 8-7078] Launching helper process for spawning children vivado processes
INFO: [Synth 8-7075] Helper process launched with PID 13772
INFO: [Synth 8-11241] undeclared symbol 'REGCCE', assumed default net type 'wire' [C:/Xilinx/Vivado/2022.2/data/verilog/src/unimacro/BRAM_SINGLE_MACRO.v:2170]
---------------------------------------------------------------------------------
Starting RTL Elaboration : Time (s): cpu = 00:00:04 ; elapsed = 00:00:04 . Memory (MB): peak = 1362.465 ; gain = 407.801
---------------------------------------------------------------------------------
INFO: [Synth 8-6157] synthesizing module 'top' [E:/VSCode/Github/Gitpush/riscv_pipeline/rtl/top.v:15]
INFO: [Synth 8-6157] synthesizing module 'pc_reg' [E:/VSCode/Github/Gitpush/riscv_pipeline/rtl/pc_reg.v:9]
INFO: [Synth 8-6155] done synthesizing module 'pc_reg' (0#1) [E:/VSCode/Github/Gitpush/riscv_pipeline/rtl/pc_reg.v:9]
INFO: [Synth 8-6157] synthesizing module 'imem' [E:/VSCode/Github/Gitpush/riscv_pipeline/rtl/imem.v:10]
INFO: [Synth 8-3876] $readmem data file 'E:/VSCode/Github/Gitpush/riscv_pipeline/tb/test_prog.hex' is read successfully [E:/VSCode/Github/Gitpush/riscv_pipeline/rtl/imem.v:18]
INFO: [Synth 8-6155] done synthesizing module 'imem' (0#1) [E:/VSCode/Github/Gitpush/riscv_pipeline/rtl/imem.v:10]
INFO: [Synth 8-6157] synthesizing module 'if_id_reg' [E:/VSCode/Github/Gitpush/riscv_pipeline/rtl/if_id_reg.v:7]
INFO: [Synth 8-6155] done synthesizing module 'if_id_reg' (0#1) [E:/VSCode/Github/Gitpush/riscv_pipeline/rtl/if_id_reg.v:7]
INFO: [Synth 8-6157] synthesizing module 'control' [E:/VSCode/Github/Gitpush/riscv_pipeline/rtl/control.v:8]
INFO: [Synth 8-155] case statement is not full and has no default [E:/VSCode/Github/Gitpush/riscv_pipeline/rtl/control.v:38]
INFO: [Synth 8-6155] done synthesizing module 'control' (0#1) [E:/VSCode/Github/Gitpush/riscv_pipeline/rtl/control.v:8]
INFO: [Synth 8-6157] synthesizing module 'imm_gen' [E:/VSCode/Github/Gitpush/riscv_pipeline/rtl/imm_gen.v:10]
INFO: [Synth 8-6155] done synthesizing module 'imm_gen' (0#1) [E:/VSCode/Github/Gitpush/riscv_pipeline/rtl/imm_gen.v:10]
INFO: [Synth 8-6157] synthesizing module 'regfile' [E:/VSCode/Github/Gitpush/riscv_pipeline/rtl/regfile.v:12]
INFO: [Synth 8-6155] done synthesizing module 'regfile' (0#1) [E:/VSCode/Github/Gitpush/riscv_pipeline/rtl/regfile.v:12]
INFO: [Synth 8-6157] synthesizing module 'id_ex_reg' [E:/VSCode/Github/Gitpush/riscv_pipeline/rtl/id_ex_reg.v:7]
INFO: [Synth 8-6155] done synthesizing module 'id_ex_reg' (0#1) [E:/VSCode/Github/Gitpush/riscv_pipeline/rtl/id_ex_reg.v:7]
INFO: [Synth 8-6157] synthesizing module 'alu_control' [E:/VSCode/Github/Gitpush/riscv_pipeline/rtl/alu_control.v:9]
INFO: [Synth 8-226] default block is never used [E:/VSCode/Github/Gitpush/riscv_pipeline/rtl/alu_control.v:17]
INFO: [Synth 8-226] default block is never used [E:/VSCode/Github/Gitpush/riscv_pipeline/rtl/alu_control.v:22]
INFO: [Synth 8-226] default block is never used [E:/VSCode/Github/Gitpush/riscv_pipeline/rtl/alu_control.v:36]
INFO: [Synth 8-6155] done synthesizing module 'alu_control' (0#1) [E:/VSCode/Github/Gitpush/riscv_pipeline/rtl/alu_control.v:9]
INFO: [Synth 8-6157] synthesizing module 'alu' [E:/VSCode/Github/Gitpush/riscv_pipeline/rtl/alu.v:9]
INFO: [Synth 8-6155] done synthesizing module 'alu' (0#1) [E:/VSCode/Github/Gitpush/riscv_pipeline/rtl/alu.v:9]
INFO: [Synth 8-6157] synthesizing module 'ex_mem_reg' [E:/VSCode/Github/Gitpush/riscv_pipeline/rtl/ex_mem_reg.v:7]
INFO: [Synth 8-6155] done synthesizing module 'ex_mem_reg' (0#1) [E:/VSCode/Github/Gitpush/riscv_pipeline/rtl/ex_mem_reg.v:7]
INFO: [Synth 8-6157] synthesizing module 'dmem' [E:/VSCode/Github/Gitpush/riscv_pipeline/rtl/dmem.v:16]
INFO: [Synth 8-226] default block is never used [E:/VSCode/Github/Gitpush/riscv_pipeline/rtl/dmem.v:91]
INFO: [Synth 8-226] default block is never used [E:/VSCode/Github/Gitpush/riscv_pipeline/rtl/dmem.v:100]
INFO: [Synth 8-226] default block is never used [E:/VSCode/Github/Gitpush/riscv_pipeline/rtl/dmem.v:108]
INFO: [Synth 8-226] default block is never used [E:/VSCode/Github/Gitpush/riscv_pipeline/rtl/dmem.v:117]
INFO: [Synth 8-6155] done synthesizing module 'dmem' (0#1) [E:/VSCode/Github/Gitpush/riscv_pipeline/rtl/dmem.v:16]
INFO: [Synth 8-6157] synthesizing module 'mem_wb_reg' [E:/VSCode/Github/Gitpush/riscv_pipeline/rtl/mem_wb_reg.v:7]
INFO: [Synth 8-6155] done synthesizing module 'mem_wb_reg' (0#1) [E:/VSCode/Github/Gitpush/riscv_pipeline/rtl/mem_wb_reg.v:7]
INFO: [Synth 8-6157] synthesizing module 'hazard' [E:/VSCode/Github/Gitpush/riscv_pipeline/rtl/hazard.v:13]
INFO: [Synth 8-6155] done synthesizing module 'hazard' (0#1) [E:/VSCode/Github/Gitpush/riscv_pipeline/rtl/hazard.v:13]
INFO: [Synth 8-6157] synthesizing module 'forward' [E:/VSCode/Github/Gitpush/riscv_pipeline/rtl/forward.v:12]
INFO: [Synth 8-6155] done synthesizing module 'forward' (0#1) [E:/VSCode/Github/Gitpush/riscv_pipeline/rtl/forward.v:12]
INFO: [Synth 8-6155] done synthesizing module 'top' (0#1) [E:/VSCode/Github/Gitpush/riscv_pipeline/rtl/top.v:15]
WARNING: [Synth 8-7129] Port addr[31] in module dmem is either unconnected or has no load
WARNING: [Synth 8-7129] Port addr[30] in module dmem is either unconnected or has no load
WARNING: [Synth 8-7129] Port addr[29] in module dmem is either unconnected or has no load
WARNING: [Synth 8-7129] Port addr[28] in module dmem is either unconnected or has no load
WARNING: [Synth 8-7129] Port addr[27] in module dmem is either unconnected or has no load
WARNING: [Synth 8-7129] Port addr[26] in module dmem is either unconnected or has no load
WARNING: [Synth 8-7129] Port addr[25] in module dmem is either unconnected or has no load
WARNING: [Synth 8-7129] Port addr[24] in module dmem is either unconnected or has no load
WARNING: [Synth 8-7129] Port addr[23] in module dmem is either unconnected or has no load
WARNING: [Synth 8-7129] Port addr[22] in module dmem is either unconnected or has no load
WARNING: [Synth 8-7129] Port addr[21] in module dmem is either unconnected or has no load
WARNING: [Synth 8-7129] Port addr[20] in module dmem is either unconnected or has no load
WARNING: [Synth 8-7129] Port addr[19] in module dmem is either unconnected or has no load
WARNING: [Synth 8-7129] Port addr[18] in module dmem is either unconnected or has no load
WARNING: [Synth 8-7129] Port addr[17] in module dmem is either unconnected or has no load
WARNING: [Synth 8-7129] Port addr[16] in module dmem is either unconnected or has no load
WARNING: [Synth 8-7129] Port addr[15] in module dmem is either unconnected or has no load
WARNING: [Synth 8-7129] Port addr[14] in module dmem is either unconnected or has no load
WARNING: [Synth 8-7129] Port addr[13] in module dmem is either unconnected or has no load
WARNING: [Synth 8-7129] Port addr[12] in module dmem is either unconnected or has no load
WARNING: [Synth 8-7129] Port addr[31] in module imem is either unconnected or has no load
WARNING: [Synth 8-7129] Port addr[30] in module imem is either unconnected or has no load
WARNING: [Synth 8-7129] Port addr[29] in module imem is either unconnected or has no load
WARNING: [Synth 8-7129] Port addr[28] in module imem is either unconnected or has no load
WARNING: [Synth 8-7129] Port addr[27] in module imem is either unconnected or has no load
WARNING: [Synth 8-7129] Port addr[26] in module imem is either unconnected or has no load
WARNING: [Synth 8-7129] Port addr[25] in module imem is either unconnected or has no load
WARNING: [Synth 8-7129] Port addr[24] in module imem is either unconnected or has no load
WARNING: [Synth 8-7129] Port addr[23] in module imem is either unconnected or has no load
WARNING: [Synth 8-7129] Port addr[22] in module imem is either unconnected or has no load
WARNING: [Synth 8-7129] Port addr[21] in module imem is either unconnected or has no load
WARNING: [Synth 8-7129] Port addr[20] in module imem is either unconnected or has no load
WARNING: [Synth 8-7129] Port addr[19] in module imem is either unconnected or has no load
WARNING: [Synth 8-7129] Port addr[18] in module imem is either unconnected or has no load
WARNING: [Synth 8-7129] Port addr[17] in module imem is either unconnected or has no load
WARNING: [Synth 8-7129] Port addr[16] in module imem is either unconnected or has no load
WARNING: [Synth 8-7129] Port addr[15] in module imem is either unconnected or has no load
WARNING: [Synth 8-7129] Port addr[14] in module imem is either unconnected or has no load
WARNING: [Synth 8-7129] Port addr[13] in module imem is either unconnected or has no load
WARNING: [Synth 8-7129] Port addr[12] in module imem is either unconnected or has no load
WARNING: [Synth 8-7129] Port addr[11] in module imem is either unconnected or has no load
WARNING: [Synth 8-7129] Port addr[10] in module imem is either unconnected or has no load
WARNING: [Synth 8-7129] Port addr[1] in module imem is either unconnected or has no load
WARNING: [Synth 8-7129] Port addr[0] in module imem is either unconnected or has no load
---------------------------------------------------------------------------------
Finished RTL Elaboration : Time (s): cpu = 00:00:05 ; elapsed = 00:00:06 . Memory (MB): peak = 1458.758 ; gain = 504.094
---------------------------------------------------------------------------------
---------------------------------------------------------------------------------
Start Handling Custom Attributes
---------------------------------------------------------------------------------
---------------------------------------------------------------------------------
Finished Handling Custom Attributes : Time (s): cpu = 00:00:05 ; elapsed = 00:00:06 . Memory (MB): peak = 1458.758 ; gain = 504.094
---------------------------------------------------------------------------------
---------------------------------------------------------------------------------
Finished RTL Optimization Phase 1 : Time (s): cpu = 00:00:05 ; elapsed = 00:00:06 . Memory (MB): peak = 1458.758 ; gain = 504.094
---------------------------------------------------------------------------------
Netlist sorting complete. Time (s): cpu = 00:00:00 ; elapsed = 00:00:00.017 . Memory (MB): peak = 1458.758 ; gain = 0.000
INFO: [Project 1-570] Preparing netlist for logic optimization

Processing XDC Constraints
Initializing timing engine
Parsing XDC File [E:/VSCode/Github/Gitpush/riscv_pipeline/rtl/timing.xdc]
Finished Parsing XDC File [E:/VSCode/Github/Gitpush/riscv_pipeline/rtl/timing.xdc]
Completed Processing XDC Constraints

Netlist sorting complete. Time (s): cpu = 00:00:00 ; elapsed = 00:00:00 . Memory (MB): peak = 1493.488 ; gain = 0.000
INFO: [Project 1-111] Unisim Transformation Summary:
No Unisim elements were transformed.

Constraint Validation Runtime : Time (s): cpu = 00:00:00 ; elapsed = 00:00:00.010 . Memory (MB): peak = 1493.488 ; gain = 0.000
INFO: [Synth 8-11241] undeclared symbol 'REGCCE', assumed default net type 'wire' [C:/Xilinx/Vivado/2022.2/data/verilog/src/unimacro/BRAM_SINGLE_MACRO.v:2170]
---------------------------------------------------------------------------------
Finished Constraint Validation : Time (s): cpu = 00:00:12 ; elapsed = 00:00:13 . Memory (MB): peak = 1493.488 ; gain = 538.824
---------------------------------------------------------------------------------
---------------------------------------------------------------------------------
Start Loading Part and Timing Information
---------------------------------------------------------------------------------
Loading part: xc7z020clg400-1
---------------------------------------------------------------------------------
Finished Loading Part and Timing Information : Time (s): cpu = 00:00:12 ; elapsed = 00:00:13 . Memory (MB): peak = 1493.488 ; gain = 538.824
---------------------------------------------------------------------------------
---------------------------------------------------------------------------------
Start Applying 'set_property' XDC Constraints
---------------------------------------------------------------------------------
---------------------------------------------------------------------------------
Finished applying 'set_property' XDC Constraints : Time (s): cpu = 00:00:12 ; elapsed = 00:00:13 . Memory (MB): peak = 1493.488 ; gain = 538.824
---------------------------------------------------------------------------------
---------------------------------------------------------------------------------
Finished RTL Optimization Phase 2 : Time (s): cpu = 00:00:12 ; elapsed = 00:00:13 . Memory (MB): peak = 1493.488 ; gain = 538.824
---------------------------------------------------------------------------------
---------------------------------------------------------------------------------
Start RTL Component Statistics 
---------------------------------------------------------------------------------
Detailed RTL Component Info : 
+---Adders : 
	   2 Input   32 Bit       Adders := 4     
	   3 Input   32 Bit       Adders := 1     
+---XORs : 
	   2 Input     32 Bit         XORs := 1     
+---Registers : 
	               32 Bit    Registers := 14    
	                5 Bit    Registers := 5     
	                3 Bit    Registers := 3     
	                2 Bit    Registers := 2     
	                1 Bit    Registers := 20    
+---RAMs : 
	              32K Bit	(1024 X 32 bit)          RAMs := 1     
	             1024 Bit	(32 X 32 bit)          RAMs := 1     
+---Muxes : 
	   2 Input   32 Bit        Muxes := 23    
	  11 Input   32 Bit        Muxes := 1     
	   6 Input   32 Bit        Muxes := 1     
	   8 Input   32 Bit        Muxes := 1     
	   4 Input   32 Bit        Muxes := 2     
	   3 Input   32 Bit        Muxes := 2     
	   2 Input   16 Bit        Muxes := 1     
	   4 Input    8 Bit        Muxes := 1     
	   2 Input    5 Bit        Muxes := 4     
	   5 Input    4 Bit        Muxes := 1     
	   8 Input    4 Bit        Muxes := 2     
	   6 Input    3 Bit        Muxes := 1     
	   2 Input    3 Bit        Muxes := 2     
	   9 Input    2 Bit        Muxes := 1     
	   2 Input    2 Bit        Muxes := 3     
	   2 Input    1 Bit        Muxes := 2     
	   9 Input    1 Bit        Muxes := 8     
---------------------------------------------------------------------------------
Finished RTL Component Statistics 
---------------------------------------------------------------------------------
---------------------------------------------------------------------------------
Start Part Resource Summary
---------------------------------------------------------------------------------
Part Resources:
DSPs: 220 (col length:60)
BRAMs: 280 (col length: RAMB18 60 RAMB36 30)
---------------------------------------------------------------------------------
Finished Part Resource Summary
---------------------------------------------------------------------------------
---------------------------------------------------------------------------------
Start Cross Boundary and Area Optimization
---------------------------------------------------------------------------------
WARNING: [Synth 8-7080] Parallel synthesis criteria is not met
WARNING: [Synth 8-7129] Port addr[31] in module dmem is either unconnected or has no load
WARNING: [Synth 8-7129] Port addr[30] in module dmem is either unconnected or has no load
WARNING: [Synth 8-7129] Port addr[29] in module dmem is either unconnected or has no load
WARNING: [Synth 8-7129] Port addr[28] in module dmem is either unconnected or has no load
WARNING: [Synth 8-7129] Port addr[27] in module dmem is either unconnected or has no load
WARNING: [Synth 8-7129] Port addr[26] in module dmem is either unconnected or has no load
WARNING: [Synth 8-7129] Port addr[25] in module dmem is either unconnected or has no load
WARNING: [Synth 8-7129] Port addr[24] in module dmem is either unconnected or has no load
WARNING: [Synth 8-7129] Port addr[23] in module dmem is either unconnected or has no load
WARNING: [Synth 8-7129] Port addr[22] in module dmem is either unconnected or has no load
WARNING: [Synth 8-7129] Port addr[21] in module dmem is either unconnected or has no load
WARNING: [Synth 8-7129] Port addr[20] in module dmem is either unconnected or has no load
WARNING: [Synth 8-7129] Port addr[19] in module dmem is either unconnected or has no load
WARNING: [Synth 8-7129] Port addr[18] in module dmem is either unconnected or has no load
WARNING: [Synth 8-7129] Port addr[17] in module dmem is either unconnected or has no load
WARNING: [Synth 8-7129] Port addr[16] in module dmem is either unconnected or has no load
WARNING: [Synth 8-7129] Port addr[15] in module dmem is either unconnected or has no load
WARNING: [Synth 8-7129] Port addr[14] in module dmem is either unconnected or has no load
WARNING: [Synth 8-7129] Port addr[13] in module dmem is either unconnected or has no load
WARNING: [Synth 8-7129] Port addr[12] in module dmem is either unconnected or has no load
WARNING: [Synth 8-7129] Port addr[31] in module imem is either unconnected or has no load
WARNING: [Synth 8-7129] Port addr[30] in module imem is either unconnected or has no load
WARNING: [Synth 8-7129] Port addr[29] in module imem is either unconnected or has no load
WARNING: [Synth 8-7129] Port addr[28] in module imem is either unconnected or has no load
WARNING: [Synth 8-7129] Port addr[27] in module imem is either unconnected or has no load
WARNING: [Synth 8-7129] Port addr[26] in module imem is either unconnected or has no load
WARNING: [Synth 8-7129] Port addr[25] in module imem is either unconnected or has no load
WARNING: [Synth 8-7129] Port addr[24] in module imem is either unconnected or has no load
WARNING: [Synth 8-7129] Port addr[23] in module imem is either unconnected or has no load
WARNING: [Synth 8-7129] Port addr[22] in module imem is either unconnected or has no load
WARNING: [Synth 8-7129] Port addr[21] in module imem is either unconnected or has no load
WARNING: [Synth 8-7129] Port addr[20] in module imem is either unconnected or has no load
WARNING: [Synth 8-7129] Port addr[19] in module imem is either unconnected or has no load
WARNING: [Synth 8-7129] Port addr[18] in module imem is either unconnected or has no load
WARNING: [Synth 8-7129] Port addr[17] in module imem is either unconnected or has no load
WARNING: [Synth 8-7129] Port addr[16] in module imem is either unconnected or has no load
WARNING: [Synth 8-7129] Port addr[15] in module imem is either unconnected or has no load
WARNING: [Synth 8-7129] Port addr[14] in module imem is either unconnected or has no load
WARNING: [Synth 8-7129] Port addr[13] in module imem is either unconnected or has no load
WARNING: [Synth 8-7129] Port addr[12] in module imem is either unconnected or has no load
WARNING: [Synth 8-7129] Port addr[11] in module imem is either unconnected or has no load
WARNING: [Synth 8-7129] Port addr[10] in module imem is either unconnected or has no load
WARNING: [Synth 8-7129] Port addr[9] in module imem is either unconnected or has no load
WARNING: [Synth 8-7129] Port addr[8] in module imem is either unconnected or has no load
WARNING: [Synth 8-7129] Port addr[7] in module imem is either unconnected or has no load
WARNING: [Synth 8-7129] Port addr[6] in module imem is either unconnected or has no load
WARNING: [Synth 8-7129] Port addr[1] in module imem is either unconnected or has no load
WARNING: [Synth 8-7129] Port addr[0] in module imem is either unconnected or has no load
---------------------------------------------------------------------------------
Finished Cross Boundary and Area Optimization : Time (s): cpu = 00:00:18 ; elapsed = 00:00:19 . Memory (MB): peak = 1493.488 ; gain = 538.824
---------------------------------------------------------------------------------
---------------------------------------------------------------------------------
Start ROM, RAM, DSP, Shift Register and Retiming Reporting
---------------------------------------------------------------------------------

Block RAM: Preliminary Mapping Report (see note below)
+------------+------------+------------------------+---+---+------------------------+---+---+------------------+--------+--------+
|Module Name | RTL Object | PORT A (Depth x Width) | W | R | PORT B (Depth x Width) | W | R | Ports driving FF | RAMB18 | RAMB36 | 
+------------+------------+------------------------+---+---+------------------------+---+---+------------------+--------+--------+
|dmem_inst   | mem_reg    | 1 K x 32(READ_FIRST)   | W |   | 1 K x 32(WRITE_FIRST)  |   | R | Port A and B     | 0      | 1      | 
+------------+------------+------------------------+---+---+------------------------+---+---+------------------+--------+--------+

Note: The table above is a preliminary report that shows the Block RAMs at the current stage of the synthesis flow. Some Block RAMs may be reimplemented as non Block RAM primitives later in the synthesis flow. Multiple instantiated Block RAMs are reported only once. 

Distributed RAM: Preliminary Mapping Report (see note below)
+-------------+------------+-----------+----------------------+--------------+
|Module Name  | RTL Object | Inference | Size (Depth x Width) | Primitives   | 
+-------------+------------+-----------+----------------------+--------------+
|regfile_inst | regs_reg   | Implied   | 32 x 32              | RAM32M x 12  | 
+-------------+------------+-----------+----------------------+--------------+

Note: The table above is a preliminary report that shows the Distributed RAMs at the current stage of the synthesis flow. Some Distributed RAMs may be reimplemented as non Distributed RAM primitives later in the synthesis flow. Multiple instantiated RAMs are reported only once.
---------------------------------------------------------------------------------
Finished ROM, RAM, DSP, Shift Register and Retiming Reporting
---------------------------------------------------------------------------------
---------------------------------------------------------------------------------
Start Applying XDC Timing Constraints
---------------------------------------------------------------------------------
---------------------------------------------------------------------------------
Finished Applying XDC Timing Constraints : Time (s): cpu = 00:00:22 ; elapsed = 00:00:23 . Memory (MB): peak = 1493.488 ; gain = 538.824
---------------------------------------------------------------------------------
---------------------------------------------------------------------------------
Start Timing Optimization
---------------------------------------------------------------------------------
---------------------------------------------------------------------------------
Finished Timing Optimization : Time (s): cpu = 00:00:26 ; elapsed = 00:00:27 . Memory (MB): peak = 1550.973 ; gain = 596.309
---------------------------------------------------------------------------------
---------------------------------------------------------------------------------
Start ROM, RAM, DSP, Shift Register and Retiming Reporting
---------------------------------------------------------------------------------

Block RAM: Final Mapping Report
+------------+------------+------------------------+---+---+------------------------+---+---+------------------+--------+--------+
|Module Name | RTL Object | PORT A (Depth x Width) | W | R | PORT B (Depth x Width) | W | R | Ports driving FF | RAMB18 | RAMB36 | 
+------------+------------+------------------------+---+---+------------------------+---+---+------------------+--------+--------+
|dmem_inst   | mem_reg    | 1 K x 32(READ_FIRST)   | W |   | 1 K x 32(WRITE_FIRST)  |   | R | Port A and B     | 0      | 1      | 
+------------+------------+------------------------+---+---+------------------------+---+---+------------------+--------+--------+


Distributed RAM: Final Mapping Report
+-------------+------------+-----------+----------------------+--------------+
|Module Name  | RTL Object | Inference | Size (Depth x Width) | Primitives   | 
+-------------+------------+-----------+----------------------+--------------+
|regfile_inst | regs_reg   | Implied   | 32 x 32              | RAM32M x 12  | 
+-------------+------------+-----------+----------------------+--------------+

---------------------------------------------------------------------------------
Finished ROM, RAM, DSP, Shift Register and Retiming Reporting
---------------------------------------------------------------------------------
---------------------------------------------------------------------------------
Start Technology Mapping
---------------------------------------------------------------------------------
INFO: [Synth 8-7052] The timing for the instance dmem_inst/mem_reg (implemented as a Block RAM) might be sub-optimal as no optional output register could be merged into the ram block. Providing additional output register may help in improving timing.
---------------------------------------------------------------------------------
Finished Technology Mapping : Time (s): cpu = 00:00:27 ; elapsed = 00:00:28 . Memory (MB): peak = 1550.973 ; gain = 596.309
---------------------------------------------------------------------------------
---------------------------------------------------------------------------------
Start IO Insertion
---------------------------------------------------------------------------------
---------------------------------------------------------------------------------
Start Flattening Before IO Insertion
---------------------------------------------------------------------------------
---------------------------------------------------------------------------------
Finished Flattening Before IO Insertion
---------------------------------------------------------------------------------
---------------------------------------------------------------------------------
Start Final Netlist Cleanup
---------------------------------------------------------------------------------
---------------------------------------------------------------------------------
Finished Final Netlist Cleanup
---------------------------------------------------------------------------------
---------------------------------------------------------------------------------
Finished IO Insertion : Time (s): cpu = 00:00:30 ; elapsed = 00:00:31 . Memory (MB): peak = 1550.973 ; gain = 596.309
---------------------------------------------------------------------------------
---------------------------------------------------------------------------------
Start Renaming Generated Instances
---------------------------------------------------------------------------------
---------------------------------------------------------------------------------
Finished Renaming Generated Instances : Time (s): cpu = 00:00:30 ; elapsed = 00:00:31 . Memory (MB): peak = 1550.973 ; gain = 596.309
---------------------------------------------------------------------------------
---------------------------------------------------------------------------------
Start Rebuilding User Hierarchy
---------------------------------------------------------------------------------
---------------------------------------------------------------------------------
Finished Rebuilding User Hierarchy : Time (s): cpu = 00:00:30 ; elapsed = 00:00:31 . Memory (MB): peak = 1550.973 ; gain = 596.309
---------------------------------------------------------------------------------
---------------------------------------------------------------------------------
Start Renaming Generated Ports
---------------------------------------------------------------------------------
---------------------------------------------------------------------------------
Finished Renaming Generated Ports : Time (s): cpu = 00:00:30 ; elapsed = 00:00:31 . Memory (MB): peak = 1550.973 ; gain = 596.309
---------------------------------------------------------------------------------
---------------------------------------------------------------------------------
Start Handling Custom Attributes
---------------------------------------------------------------------------------
---------------------------------------------------------------------------------
Finished Handling Custom Attributes : Time (s): cpu = 00:00:30 ; elapsed = 00:00:32 . Memory (MB): peak = 1550.973 ; gain = 596.309
---------------------------------------------------------------------------------
---------------------------------------------------------------------------------
Start Renaming Generated Nets
---------------------------------------------------------------------------------
---------------------------------------------------------------------------------
Finished Renaming Generated Nets : Time (s): cpu = 00:00:30 ; elapsed = 00:00:32 . Memory (MB): peak = 1550.973 ; gain = 596.309
---------------------------------------------------------------------------------
---------------------------------------------------------------------------------
Start Writing Synthesis Report
---------------------------------------------------------------------------------

Report BlackBoxes: 
+-+--------------+----------+
| |BlackBox name |Instances |
+-+--------------+----------+
+-+--------------+----------+

Report Cell Usage: 
+------+---------+------+
|      |Cell     |Count |
+------+---------+------+
|1     |BUFG     |     1|
|2     |CARRY4   |    56|
|3     |LUT1     |     5|
|4     |LUT2     |   429|
|5     |LUT3     |    99|
|6     |LUT4     |   275|
|7     |LUT5     |   218|
|8     |LUT6     |   385|
|9     |MUXF7    |     1|
|10    |RAM32M   |    10|
|11    |RAM32X1D |     4|
|12    |RAMB36E1 |     1|
|13    |FDCE     |   468|
|14    |FDRE     |     6|
|15    |IBUF     |     2|
+------+---------+------+
---------------------------------------------------------------------------------
Finished Writing Synthesis Report : Time (s): cpu = 00:00:30 ; elapsed = 00:00:32 . Memory (MB): peak = 1550.973 ; gain = 596.309
---------------------------------------------------------------------------------
Synthesis finished with 0 errors, 0 critical warnings and 49 warnings.
Synthesis Optimization Runtime : Time (s): cpu = 00:00:23 ; elapsed = 00:00:30 . Memory (MB): peak = 1550.973 ; gain = 561.578
Synthesis Optimization Complete : Time (s): cpu = 00:00:30 ; elapsed = 00:00:32 . Memory (MB): peak = 1550.973 ; gain = 596.309
INFO: [Project 1-571] Translating synthesized netlist
Netlist sorting complete. Time (s): cpu = 00:00:00 ; elapsed = 00:00:00.105 . Memory (MB): peak = 1552.816 ; gain = 0.000
INFO: [Netlist 29-17] Analyzing 72 Unisim elements for replacement
INFO: [Netlist 29-28] Unisim Transformation completed in 0 CPU seconds
INFO: [Project 1-570] Preparing netlist for logic optimization
Parsing XDC File [E:/VSCode/Github/Gitpush/riscv_pipeline/rtl/timing.xdc]
Finished Parsing XDC File [E:/VSCode/Github/Gitpush/riscv_pipeline/rtl/timing.xdc]
INFO: [Opt 31-138] Pushed 0 inverter(s) to 0 load pin(s).
Netlist sorting complete. Time (s): cpu = 00:00:00 ; elapsed = 00:00:00 . Memory (MB): peak = 1561.461 ; gain = 0.000
INFO: [Project 1-111] Unisim Transformation Summary:
  A total of 14 instances were transformed.
  RAM32M => RAM32M (RAMD32(x6), RAMS32(x2)): 10 instances
  RAM32X1D => RAM32X1D (RAMD32(x2)): 4 instances

Synth Design complete, checksum: 97ca28b
INFO: [Common 17-83] Releasing license: Synthesis
56 Infos, 93 Warnings, 0 Critical Warnings and 0 Errors encountered.
synth_design completed successfully
synth_design: Time (s): cpu = 00:00:35 ; elapsed = 00:00:38 . Memory (MB): peak = 1561.461 ; gain = 1035.297
# report_timing_summary -file timing.rpt
INFO: [Timing 38-35] Done setting XDC timing constraints.
INFO: [Timing 38-91] UpdateTimingParams: Speed grade: -1, Delay Type: min_max.
INFO: [Timing 38-191] Multithreading enabled for timing update using a maximum of 2 CPUs
# report_utilization -file util.rpt
INFO: [Common 17-206] Exiting Vivado at Wed Apr  8 22:24:08 2026...
