#-----------------------------------------------------------
# Vivado v2022.2 (64-bit)
# SW Build 3671981 on Fri Oct 14 05:00:03 MDT 2022
# IP Build 3669848 on Fri Oct 14 08:30:02 MDT 2022
# Start of session at: Wed Apr  8 22:22:17 2026
# Process ID: 33224
# Current directory: E:/VSCode/Github/Gitpush/riscv_pipeline/rtl
# Command line: vivado.exe -mode batch -source run_synth.tcl
# Log file: E:/VSCode/Github/Gitpush/riscv_pipeline/rtl/vivado.log
# Journal file: E:/VSCode/Github/Gitpush/riscv_pipeline/rtl\vivado.jou
# Running On: TuanUSau, OS: Windows, CPU Frequency: 3194 MHz, CPU Physical cores: 16, Host memory: 17024 MB
#-----------------------------------------------------------
source run_synth.tcl
# create_project -in_memory -part xc7z020clg400-1
# read_verilog [glob *.v]
# read_xdc timing.xdc
# synth_design -top top -part xc7z020clg400-1
Command: synth_design -top top -part xc7z020clg400-1
Starting synth_design
Attempting to get a license for feature 'Synthesis' and/or device 'xc7z020'
INFO: [Common 17-349] Got license for feature 'Synthesis' and/or device 'xc7z020'
INFO: [Device 21-403] Loading part xc7z020clg400-1
INFO: [Synth 8-7079] Multithreading enabled for synth_design using a maximum of 2 processes.
INFO: [Synth 8-7078] Launching helper process for spawning children vivado processes
INFO: [Synth 8-7075] Helper process launched with PID 29588
INFO: [Synth 8-11241] undeclared symbol 'REGCCE', assumed default net type 'wire' [C:/Xilinx/Vivado/2022.2/data/verilog/src/unimacro/BRAM_SINGLE_MACRO.v:2170]
---------------------------------------------------------------------------------
Starting RTL Elaboration : Time (s): cpu = 00:00:04 ; elapsed = 00:00:04 . Memory (MB): peak = 1362.625 ; gain = 406.941
---------------------------------------------------------------------------------
INFO: [Synth 8-6157] synthesizing module 'top' [E:/VSCode/Github/Gitpush/riscv_pipeline/rtl/top.v:15]
INFO: [Synth 8-6157] synthesizing module 'pc_reg' [E:/VSCode/Github/Gitpush/riscv_pipeline/rtl/pc_reg.v:9]
INFO: [Synth 8-6155] done synthesizing module 'pc_reg' (0#1) [E:/VSCode/Github/Gitpush/riscv_pipeline/rtl/pc_reg.v:9]
INFO: [Synth 8-6157] synthesizing module 'imem' [E:/VSCode/Github/Gitpush/riscv_pipeline/rtl/imem.v:10]
INFO: [Synth 8-3876] $readmem data file 'E:/VSCode/Github/Gitpush/riscv_pipeline/tb/test_prog.hex' is read successfully [E:/VSCode/Github/Gitpush/riscv_pipeline/rtl/imem.v:18]
INFO: [Synth 8-6155] done synthesizing module 'imem' (0#1) [E:/VSCode/Github/Gitpush/riscv_pipeline/rtl/imem.v:10]
INFO: [Synth 8-6157] synthesizing module 'if_id_reg' [E:/VSCode/Github/Gitpush/riscv_pipeline/rtl/if_id_reg.v:7]
INFO: [Synth 8-6155] done synthesizing module 'if_id_reg' (0#1) [E:/VSCode/Github/Gitpush/riscv_pipeline/rtl/if_id_reg.v:7]
INFO: [Synth 8-6157] synthesizing module 'control' [E:/VSCode/Github/Gitpush/riscv_pipeline/rtl/control.v:8]
INFO: [Synth 8-155] case statement is not full and has no default [E:/VSCode/Github/Gitpush/riscv_pipeline/rtl/control.v:38]
INFO: [Synth 8-6155] done synthesizing module 'control' (0#1) [E:/VSCode/Github/Gitpush/riscv_pipeline/rtl/control.v:8]
INFO: [Synth 8-6157] synthesizing module 'imm_gen' [E:/VSCode/Github/Gitpush/riscv_pipeline/rtl/imm_gen.v:10]
INFO: [Synth 8-6155] done synthesizing module 'imm_gen' (0#1) [E:/VSCode/Github/Gitpush/riscv_pipeline/rtl/imm_gen.v:10]
INFO: [Synth 8-6157] synthesizing module 'regfile' [E:/VSCode/Github/Gitpush/riscv_pipeline/rtl/regfile.v:12]
INFO: [Synth 8-6155] done synthesizing module 'regfile' (0#1) [E:/VSCode/Github/Gitpush/riscv_pipeline/rtl/regfile.v:12]
INFO: [Synth 8-6157] synthesizing module 'id_ex_reg' [E:/VSCode/Github/Gitpush/riscv_pipeline/rtl/id_ex_reg.v:7]
INFO: [Synth 8-6155] done synthesizing module 'id_ex_reg' (0#1) [E:/VSCode/Github/Gitpush/riscv_pipeline/rtl/id_ex_reg.v:7]
ERROR: [Synth 8-439] module 'alu_control' not found [E:/VSCode/Github/Gitpush/riscv_pipeline/rtl/top.v:180]
ERROR: [Synth 8-6156] failed synthesizing module 'top' [E:/VSCode/Github/Gitpush/riscv_pipeline/rtl/top.v:15]
---------------------------------------------------------------------------------
Finished RTL Elaboration : Time (s): cpu = 00:00:05 ; elapsed = 00:00:05 . Memory (MB): peak = 1453.387 ; gain = 497.703
---------------------------------------------------------------------------------
RTL Elaboration failed
INFO: [Common 17-83] Releasing license: Synthesis
24 Infos, 0 Warnings, 0 Critical Warnings and 3 Errors encountered.
synth_design failed
ERROR: [Common 17-69] Command failed: Synthesis failed - please see the console or run log file for details
INFO: [Common 17-206] Exiting Vivado at Wed Apr  8 22:22:35 2026...
