#-----------------------------------------------------------
# Vivado v2022.2 (64-bit)
# SW Build 3671981 on Fri Oct 14 05:00:03 MDT 2022
# IP Build 3669848 on Fri Oct 14 08:30:02 MDT 2022
# Start of session at: Wed Apr  8 16:14:21 2026
# Process ID: 18028
# Current directory: E:/VSCode/Github/Gitpush/riscv_pipeline/sim
# Command line: vivado.exe -mode batch -source synth.tcl -log synth.log -journal synth.jou
# Log file: E:/VSCode/Github/Gitpush/riscv_pipeline/sim/synth.log
# Journal file: E:/VSCode/Github/Gitpush/riscv_pipeline/sim\synth.jou
# Running On: TuanUSau, OS: Windows, CPU Frequency: 3194 MHz, CPU Physical cores: 16, Host memory: 17024 MB
#-----------------------------------------------------------
source synth.tcl
# set outputDir ./synth_output
# file mkdir $outputDir
# read_verilog ../rtl/alu.v
# read_verilog ../rtl/control.v
# read_verilog ../rtl/dmem.v
# read_verilog ../rtl/forward.v
# read_verilog ../rtl/hazard.v
# read_verilog ../rtl/id_ex_reg.v
# read_verilog ../rtl/if_id_reg.v
# read_verilog ../rtl/ex_mem_reg.v
# read_verilog ../rtl/mem_wb_reg.v
# read_verilog ../rtl/imem.v
# read_verilog ../rtl/imm_gen.v
# read_verilog ../rtl/pc_reg.v
# read_verilog ../rtl/regfile.v
# read_verilog ../rtl/top.v
# synth_design -top top -part xck26-sfvc784-2LV-c -mode out_of_context
Command: synth_design -top top -part xck26-sfvc784-2LV-c -mode out_of_context
Starting synth_design
Attempting to get a license for feature 'Synthesis' and/or device 'xck26'
INFO: [Common 17-349] Got license for feature 'Synthesis' and/or device 'xck26'
INFO: [Synth 8-7079] Multithreading enabled for synth_design using a maximum of 2 processes.
INFO: [Synth 8-7078] Launching helper process for spawning children vivado processes
INFO: [Synth 8-7075] Helper process launched with PID 16060
INFO: [Synth 8-11241] undeclared symbol 'REGCCE', assumed default net type 'wire' [C:/Xilinx/Vivado/2022.2/data/verilog/src/unimacro/BRAM_SINGLE_MACRO.v:2170]
---------------------------------------------------------------------------------
Starting Synthesize : Time (s): cpu = 00:00:04 ; elapsed = 00:00:04 . Memory (MB): peak = 963.664 ; gain = 412.145
---------------------------------------------------------------------------------
INFO: [Synth 8-6157] synthesizing module 'top' [E:/VSCode/Github/Gitpush/riscv_pipeline/rtl/top.v:14]
INFO: [Synth 8-6157] synthesizing module 'pc_reg' [E:/VSCode/Github/Gitpush/riscv_pipeline/rtl/pc_reg.v:2]
INFO: [Synth 8-6155] done synthesizing module 'pc_reg' (0#1) [E:/VSCode/Github/Gitpush/riscv_pipeline/rtl/pc_reg.v:2]
INFO: [Synth 8-6157] synthesizing module 'imem' [E:/VSCode/Github/Gitpush/riscv_pipeline/rtl/imem.v:2]
INFO: [Synth 8-6155] done synthesizing module 'imem' (0#1) [E:/VSCode/Github/Gitpush/riscv_pipeline/rtl/imem.v:2]
INFO: [Synth 8-6157] synthesizing module 'if_id_reg' [E:/VSCode/Github/Gitpush/riscv_pipeline/rtl/if_id_reg.v:2]
INFO: [Synth 8-6155] done synthesizing module 'if_id_reg' (0#1) [E:/VSCode/Github/Gitpush/riscv_pipeline/rtl/if_id_reg.v:2]
INFO: [Synth 8-6157] synthesizing module 'control' [E:/VSCode/Github/Gitpush/riscv_pipeline/rtl/control.v:20]
INFO: [Synth 8-155] case statement is not full and has no default [E:/VSCode/Github/Gitpush/riscv_pipeline/rtl/control.v:49]
INFO: [Synth 8-6155] done synthesizing module 'control' (0#1) [E:/VSCode/Github/Gitpush/riscv_pipeline/rtl/control.v:20]
INFO: [Synth 8-6157] synthesizing module 'imm_gen' [E:/VSCode/Github/Gitpush/riscv_pipeline/rtl/imm_gen.v:12]
INFO: [Synth 8-6155] done synthesizing module 'imm_gen' (0#1) [E:/VSCode/Github/Gitpush/riscv_pipeline/rtl/imm_gen.v:12]
INFO: [Synth 8-6157] synthesizing module 'regfile' [E:/VSCode/Github/Gitpush/riscv_pipeline/rtl/regfile.v:2]
INFO: [Synth 8-6155] done synthesizing module 'regfile' (0#1) [E:/VSCode/Github/Gitpush/riscv_pipeline/rtl/regfile.v:2]
INFO: [Synth 8-6157] synthesizing module 'id_ex_reg' [E:/VSCode/Github/Gitpush/riscv_pipeline/rtl/id_ex_reg.v:6]
INFO: [Synth 8-6155] done synthesizing module 'id_ex_reg' (0#1) [E:/VSCode/Github/Gitpush/riscv_pipeline/rtl/id_ex_reg.v:6]
INFO: [Synth 8-6157] synthesizing module 'hazard' [E:/VSCode/Github/Gitpush/riscv_pipeline/rtl/hazard.v:2]
INFO: [Synth 8-6155] done synthesizing module 'hazard' (0#1) [E:/VSCode/Github/Gitpush/riscv_pipeline/rtl/hazard.v:2]
INFO: [Synth 8-6157] synthesizing module 'alu_control' [E:/VSCode/Github/Gitpush/riscv_pipeline/rtl/alu.v:54]
INFO: [Synth 8-226] default block is never used [E:/VSCode/Github/Gitpush/riscv_pipeline/rtl/alu.v:62]
INFO: [Synth 8-226] default block is never used [E:/VSCode/Github/Gitpush/riscv_pipeline/rtl/alu.v:71]
INFO: [Synth 8-226] default block is never used [E:/VSCode/Github/Gitpush/riscv_pipeline/rtl/alu.v:86]
INFO: [Synth 8-6155] done synthesizing module 'alu_control' (0#1) [E:/VSCode/Github/Gitpush/riscv_pipeline/rtl/alu.v:54]
INFO: [Synth 8-6157] synthesizing module 'alu' [E:/VSCode/Github/Gitpush/riscv_pipeline/rtl/alu.v:6]
INFO: [Synth 8-6155] done synthesizing module 'alu' (0#1) [E:/VSCode/Github/Gitpush/riscv_pipeline/rtl/alu.v:6]
INFO: [Synth 8-6157] synthesizing module 'ex_mem_reg' [E:/VSCode/Github/Gitpush/riscv_pipeline/rtl/ex_mem_reg.v:6]
INFO: [Synth 8-6155] done synthesizing module 'ex_mem_reg' (0#1) [E:/VSCode/Github/Gitpush/riscv_pipeline/rtl/ex_mem_reg.v:6]
INFO: [Synth 8-6157] synthesizing module 'forward' [E:/VSCode/Github/Gitpush/riscv_pipeline/rtl/forward.v:2]
INFO: [Synth 8-6155] done synthesizing module 'forward' (0#1) [E:/VSCode/Github/Gitpush/riscv_pipeline/rtl/forward.v:2]
INFO: [Synth 8-6157] synthesizing module 'dmem' [E:/VSCode/Github/Gitpush/riscv_pipeline/rtl/dmem.v:9]
INFO: [Synth 8-155] case statement is not full and has no default [E:/VSCode/Github/Gitpush/riscv_pipeline/rtl/dmem.v:37]
INFO: [Synth 8-226] default block is never used [E:/VSCode/Github/Gitpush/riscv_pipeline/rtl/dmem.v:65]
INFO: [Synth 8-226] default block is never used [E:/VSCode/Github/Gitpush/riscv_pipeline/rtl/dmem.v:82]
INFO: [Synth 8-6155] done synthesizing module 'dmem' (0#1) [E:/VSCode/Github/Gitpush/riscv_pipeline/rtl/dmem.v:9]
INFO: [Synth 8-6157] synthesizing module 'mem_wb_reg' [E:/VSCode/Github/Gitpush/riscv_pipeline/rtl/mem_wb_reg.v:6]
INFO: [Synth 8-6155] done synthesizing module 'mem_wb_reg' (0#1) [E:/VSCode/Github/Gitpush/riscv_pipeline/rtl/mem_wb_reg.v:6]
INFO: [Synth 8-6155] done synthesizing module 'top' (0#1) [E:/VSCode/Github/Gitpush/riscv_pipeline/rtl/top.v:14]
WARNING: [Synth 8-4767] Trying to implement RAM ' ' in registers. Block RAM or DRAM implementation is not possible; see log for reasons.
	1: Unable to determine number of words or word size in RAM. 
	2: No valid read/write found for RAM. 
RAM dissolved into registers
WARNING: [Synth 8-3848] Net mem in module/entity imem does not have driver. [E:/VSCode/Github/Gitpush/riscv_pipeline/rtl/imem.v:6]
WARNING: [Synth 8-3848] Net mem in module/entity imem does not have driver. [E:/VSCode/Github/Gitpush/riscv_pipeline/rtl/imem.v:6]
WARNING: [Synth 8-3848] Net mem in module/entity imem does not have driver. [E:/VSCode/Github/Gitpush/riscv_pipeline/rtl/imem.v:6]
WARNING: [Synth 8-3848] Net mem in module/entity imem does not have driver. [E:/VSCode/Github/Gitpush/riscv_pipeline/rtl/imem.v:6]
WARNING: [Synth 8-3848] Net mem in module/entity imem does not have driver. [E:/VSCode/Github/Gitpush/riscv_pipeline/rtl/imem.v:6]
WARNING: [Synth 8-3848] Net mem in module/entity imem does not have driver. [E:/VSCode/Github/Gitpush/riscv_pipeline/rtl/imem.v:6]
WARNING: [Synth 8-3848] Net mem in module/entity imem does not have driver. [E:/VSCode/Github/Gitpush/riscv_pipeline/rtl/imem.v:6]
WARNING: [Synth 8-3848] Net mem in module/entity imem does not have driver. [E:/VSCode/Github/Gitpush/riscv_pipeline/rtl/imem.v:6]
WARNING: [Synth 8-3848] Net mem in module/entity imem does not have driver. [E:/VSCode/Github/Gitpush/riscv_pipeline/rtl/imem.v:6]
WARNING: [Synth 8-3848] Net mem in module/entity imem does not have driver. [E:/VSCode/Github/Gitpush/riscv_pipeline/rtl/imem.v:6]
WARNING: [Synth 8-3848] Net mem in module/entity imem does not have driver. [E:/VSCode/Github/Gitpush/riscv_pipeline/rtl/imem.v:6]
WARNING: [Synth 8-3848] Net mem in module/entity imem does not have driver. [E:/VSCode/Github/Gitpush/riscv_pipeline/rtl/imem.v:6]
WARNING: [Synth 8-3848] Net mem in module/entity imem does not have driver. [E:/VSCode/Github/Gitpush/riscv_pipeline/rtl/imem.v:6]
WARNING: [Synth 8-3848] Net mem in module/entity imem does not have driver. [E:/VSCode/Github/Gitpush/riscv_pipeline/rtl/imem.v:6]
WARNING: [Synth 8-3848] Net mem in module/entity imem does not have driver. [E:/VSCode/Github/Gitpush/riscv_pipeline/rtl/imem.v:6]
WARNING: [Synth 8-3848] Net mem in module/entity imem does not have driver. [E:/VSCode/Github/Gitpush/riscv_pipeline/rtl/imem.v:6]
WARNING: [Synth 8-3848] Net mem in module/entity imem does not have driver. [E:/VSCode/Github/Gitpush/riscv_pipeline/rtl/imem.v:6]
WARNING: [Synth 8-3848] Net mem in module/entity imem does not have driver. [E:/VSCode/Github/Gitpush/riscv_pipeline/rtl/imem.v:6]
WARNING: [Synth 8-3848] Net mem in module/entity imem does not have driver. [E:/VSCode/Github/Gitpush/riscv_pipeline/rtl/imem.v:6]
WARNING: [Synth 8-3848] Net mem in module/entity imem does not have driver. [E:/VSCode/Github/Gitpush/riscv_pipeline/rtl/imem.v:6]
WARNING: [Synth 8-3848] Net mem in module/entity imem does not have driver. [E:/VSCode/Github/Gitpush/riscv_pipeline/rtl/imem.v:6]
WARNING: [Synth 8-3848] Net mem in module/entity imem does not have driver. [E:/VSCode/Github/Gitpush/riscv_pipeline/rtl/imem.v:6]
WARNING: [Synth 8-3848] Net mem in module/entity imem does not have driver. [E:/VSCode/Github/Gitpush/riscv_pipeline/rtl/imem.v:6]
WARNING: [Synth 8-3848] Net mem in module/entity imem does not have driver. [E:/VSCode/Github/Gitpush/riscv_pipeline/rtl/imem.v:6]
WARNING: [Synth 8-3848] Net mem in module/entity imem does not have driver. [E:/VSCode/Github/Gitpush/riscv_pipeline/rtl/imem.v:6]
WARNING: [Synth 8-3848] Net mem in module/entity imem does not have driver. [E:/VSCode/Github/Gitpush/riscv_pipeline/rtl/imem.v:6]
WARNING: [Synth 8-3848] Net mem in module/entity imem does not have driver. [E:/VSCode/Github/Gitpush/riscv_pipeline/rtl/imem.v:6]
WARNING: [Synth 8-3848] Net mem in module/entity imem does not have driver. [E:/VSCode/Github/Gitpush/riscv_pipeline/rtl/imem.v:6]
WARNING: [Synth 8-3848] Net mem in module/entity imem does not have driver. [E:/VSCode/Github/Gitpush/riscv_pipeline/rtl/imem.v:6]
WARNING: [Synth 8-3848] Net mem in module/entity imem does not have driver. [E:/VSCode/Github/Gitpush/riscv_pipeline/rtl/imem.v:6]
WARNING: [Synth 8-3848] Net mem in module/entity imem does not have driver. [E:/VSCode/Github/Gitpush/riscv_pipeline/rtl/imem.v:6]
WARNING: [Synth 8-3848] Net mem in module/entity imem does not have driver. [E:/VSCode/Github/Gitpush/riscv_pipeline/rtl/imem.v:6]
WARNING: [Synth 8-3848] Net mem in module/entity imem does not have driver. [E:/VSCode/Github/Gitpush/riscv_pipeline/rtl/imem.v:6]
WARNING: [Synth 8-3848] Net mem in module/entity imem does not have driver. [E:/VSCode/Github/Gitpush/riscv_pipeline/rtl/imem.v:6]
WARNING: [Synth 8-3848] Net mem in module/entity imem does not have driver. [E:/VSCode/Github/Gitpush/riscv_pipeline/rtl/imem.v:6]
WARNING: [Synth 8-3848] Net mem in module/entity imem does not have driver. [E:/VSCode/Github/Gitpush/riscv_pipeline/rtl/imem.v:6]
WARNING: [Synth 8-3848] Net mem in module/entity imem does not have driver. [E:/VSCode/Github/Gitpush/riscv_pipeline/rtl/imem.v:6]
WARNING: [Synth 8-3848] Net mem in module/entity imem does not have driver. [E:/VSCode/Github/Gitpush/riscv_pipeline/rtl/imem.v:6]
WARNING: [Synth 8-3848] Net mem in module/entity imem does not have driver. [E:/VSCode/Github/Gitpush/riscv_pipeline/rtl/imem.v:6]
WARNING: [Synth 8-3848] Net mem in module/entity imem does not have driver. [E:/VSCode/Github/Gitpush/riscv_pipeline/rtl/imem.v:6]
WARNING: [Synth 8-3848] Net mem in module/entity imem does not have driver. [E:/VSCode/Github/Gitpush/riscv_pipeline/rtl/imem.v:6]
WARNING: [Synth 8-3848] Net mem in module/entity imem does not have driver. [E:/VSCode/Github/Gitpush/riscv_pipeline/rtl/imem.v:6]
WARNING: [Synth 8-3848] Net mem in module/entity imem does not have driver. [E:/VSCode/Github/Gitpush/riscv_pipeline/rtl/imem.v:6]
WARNING: [Synth 8-3848] Net mem in module/entity imem does not have driver. [E:/VSCode/Github/Gitpush/riscv_pipeline/rtl/imem.v:6]
WARNING: [Synth 8-3848] Net mem in module/entity imem does not have driver. [E:/VSCode/Github/Gitpush/riscv_pipeline/rtl/imem.v:6]
WARNING: [Synth 8-3848] Net mem in module/entity imem does not have driver. [E:/VSCode/Github/Gitpush/riscv_pipeline/rtl/imem.v:6]
WARNING: [Synth 8-3848] Net mem in module/entity imem does not have driver. [E:/VSCode/Github/Gitpush/riscv_pipeline/rtl/imem.v:6]
WARNING: [Synth 8-3848] Net mem in module/entity imem does not have driver. [E:/VSCode/Github/Gitpush/riscv_pipeline/rtl/imem.v:6]
WARNING: [Synth 8-3848] Net mem in module/entity imem does not have driver. [E:/VSCode/Github/Gitpush/riscv_pipeline/rtl/imem.v:6]
WARNING: [Synth 8-3848] Net mem in module/entity imem does not have driver. [E:/VSCode/Github/Gitpush/riscv_pipeline/rtl/imem.v:6]
WARNING: [Synth 8-3848] Net mem in module/entity imem does not have driver. [E:/VSCode/Github/Gitpush/riscv_pipeline/rtl/imem.v:6]
WARNING: [Synth 8-3848] Net mem in module/entity imem does not have driver. [E:/VSCode/Github/Gitpush/riscv_pipeline/rtl/imem.v:6]
WARNING: [Synth 8-3848] Net mem in module/entity imem does not have driver. [E:/VSCode/Github/Gitpush/riscv_pipeline/rtl/imem.v:6]
WARNING: [Synth 8-3848] Net mem in module/entity imem does not have driver. [E:/VSCode/Github/Gitpush/riscv_pipeline/rtl/imem.v:6]
WARNING: [Synth 8-3848] Net mem in module/entity imem does not have driver. [E:/VSCode/Github/Gitpush/riscv_pipeline/rtl/imem.v:6]
WARNING: [Synth 8-3848] Net mem in module/entity imem does not have driver. [E:/VSCode/Github/Gitpush/riscv_pipeline/rtl/imem.v:6]
WARNING: [Synth 8-3848] Net mem in module/entity imem does not have driver. [E:/VSCode/Github/Gitpush/riscv_pipeline/rtl/imem.v:6]
WARNING: [Synth 8-3848] Net mem in module/entity imem does not have driver. [E:/VSCode/Github/Gitpush/riscv_pipeline/rtl/imem.v:6]
WARNING: [Synth 8-3848] Net mem in module/entity imem does not have driver. [E:/VSCode/Github/Gitpush/riscv_pipeline/rtl/imem.v:6]
WARNING: [Synth 8-3848] Net mem in module/entity imem does not have driver. [E:/VSCode/Github/Gitpush/riscv_pipeline/rtl/imem.v:6]
WARNING: [Synth 8-3848] Net mem in module/entity imem does not have driver. [E:/VSCode/Github/Gitpush/riscv_pipeline/rtl/imem.v:6]
WARNING: [Synth 8-3848] Net mem in module/entity imem does not have driver. [E:/VSCode/Github/Gitpush/riscv_pipeline/rtl/imem.v:6]
WARNING: [Synth 8-3848] Net mem in module/entity imem does not have driver. [E:/VSCode/Github/Gitpush/riscv_pipeline/rtl/imem.v:6]
WARNING: [Synth 8-3848] Net mem in module/entity imem does not have driver. [E:/VSCode/Github/Gitpush/riscv_pipeline/rtl/imem.v:6]
WARNING: [Synth 8-3848] Net mem in module/entity imem does not have driver. [E:/VSCode/Github/Gitpush/riscv_pipeline/rtl/imem.v:6]
WARNING: [Synth 8-3848] Net mem in module/entity imem does not have driver. [E:/VSCode/Github/Gitpush/riscv_pipeline/rtl/imem.v:6]
WARNING: [Synth 8-3848] Net mem in module/entity imem does not have driver. [E:/VSCode/Github/Gitpush/riscv_pipeline/rtl/imem.v:6]
WARNING: [Synth 8-3848] Net mem in module/entity imem does not have driver. [E:/VSCode/Github/Gitpush/riscv_pipeline/rtl/imem.v:6]
WARNING: [Synth 8-3848] Net mem in module/entity imem does not have driver. [E:/VSCode/Github/Gitpush/riscv_pipeline/rtl/imem.v:6]
WARNING: [Synth 8-3848] Net mem in module/entity imem does not have driver. [E:/VSCode/Github/Gitpush/riscv_pipeline/rtl/imem.v:6]
WARNING: [Synth 8-3848] Net mem in module/entity imem does not have driver. [E:/VSCode/Github/Gitpush/riscv_pipeline/rtl/imem.v:6]
WARNING: [Synth 8-3848] Net mem in module/entity imem does not have driver. [E:/VSCode/Github/Gitpush/riscv_pipeline/rtl/imem.v:6]
WARNING: [Synth 8-3848] Net mem in module/entity imem does not have driver. [E:/VSCode/Github/Gitpush/riscv_pipeline/rtl/imem.v:6]
WARNING: [Synth 8-3848] Net mem in module/entity imem does not have driver. [E:/VSCode/Github/Gitpush/riscv_pipeline/rtl/imem.v:6]
WARNING: [Synth 8-3848] Net mem in module/entity imem does not have driver. [E:/VSCode/Github/Gitpush/riscv_pipeline/rtl/imem.v:6]
WARNING: [Synth 8-3848] Net mem in module/entity imem does not have driver. [E:/VSCode/Github/Gitpush/riscv_pipeline/rtl/imem.v:6]
WARNING: [Synth 8-3848] Net mem in module/entity imem does not have driver. [E:/VSCode/Github/Gitpush/riscv_pipeline/rtl/imem.v:6]
WARNING: [Synth 8-3848] Net mem in module/entity imem does not have driver. [E:/VSCode/Github/Gitpush/riscv_pipeline/rtl/imem.v:6]
WARNING: [Synth 8-3848] Net mem in module/entity imem does not have driver. [E:/VSCode/Github/Gitpush/riscv_pipeline/rtl/imem.v:6]
WARNING: [Synth 8-3848] Net mem in module/entity imem does not have driver. [E:/VSCode/Github/Gitpush/riscv_pipeline/rtl/imem.v:6]
WARNING: [Synth 8-3848] Net mem in module/entity imem does not have driver. [E:/VSCode/Github/Gitpush/riscv_pipeline/rtl/imem.v:6]
WARNING: [Synth 8-3848] Net mem in module/entity imem does not have driver. [E:/VSCode/Github/Gitpush/riscv_pipeline/rtl/imem.v:6]
WARNING: [Synth 8-3848] Net mem in module/entity imem does not have driver. [E:/VSCode/Github/Gitpush/riscv_pipeline/rtl/imem.v:6]
WARNING: [Synth 8-3848] Net mem in module/entity imem does not have driver. [E:/VSCode/Github/Gitpush/riscv_pipeline/rtl/imem.v:6]
WARNING: [Synth 8-3848] Net mem in module/entity imem does not have driver. [E:/VSCode/Github/Gitpush/riscv_pipeline/rtl/imem.v:6]
WARNING: [Synth 8-3848] Net mem in module/entity imem does not have driver. [E:/VSCode/Github/Gitpush/riscv_pipeline/rtl/imem.v:6]
WARNING: [Synth 8-3848] Net mem in module/entity imem does not have driver. [E:/VSCode/Github/Gitpush/riscv_pipeline/rtl/imem.v:6]
WARNING: [Synth 8-3848] Net mem in module/entity imem does not have driver. [E:/VSCode/Github/Gitpush/riscv_pipeline/rtl/imem.v:6]
WARNING: [Synth 8-3848] Net mem in module/entity imem does not have driver. [E:/VSCode/Github/Gitpush/riscv_pipeline/rtl/imem.v:6]
WARNING: [Synth 8-3848] Net mem in module/entity imem does not have driver. [E:/VSCode/Github/Gitpush/riscv_pipeline/rtl/imem.v:6]
WARNING: [Synth 8-3848] Net mem in module/entity imem does not have driver. [E:/VSCode/Github/Gitpush/riscv_pipeline/rtl/imem.v:6]
WARNING: [Synth 8-3848] Net mem in module/entity imem does not have driver. [E:/VSCode/Github/Gitpush/riscv_pipeline/rtl/imem.v:6]
WARNING: [Synth 8-3848] Net mem in module/entity imem does not have driver. [E:/VSCode/Github/Gitpush/riscv_pipeline/rtl/imem.v:6]
WARNING: [Synth 8-3848] Net mem in module/entity imem does not have driver. [E:/VSCode/Github/Gitpush/riscv_pipeline/rtl/imem.v:6]
WARNING: [Synth 8-3848] Net mem in module/entity imem does not have driver. [E:/VSCode/Github/Gitpush/riscv_pipeline/rtl/imem.v:6]
WARNING: [Synth 8-3848] Net mem in module/entity imem does not have driver. [E:/VSCode/Github/Gitpush/riscv_pipeline/rtl/imem.v:6]
WARNING: [Synth 8-3848] Net mem in module/entity imem does not have driver. [E:/VSCode/Github/Gitpush/riscv_pipeline/rtl/imem.v:6]
WARNING: [Synth 8-3848] Net mem in module/entity imem does not have driver. [E:/VSCode/Github/Gitpush/riscv_pipeline/rtl/imem.v:6]
WARNING: [Synth 8-3848] Net mem in module/entity imem does not have driver. [E:/VSCode/Github/Gitpush/riscv_pipeline/rtl/imem.v:6]
WARNING: [Synth 8-3848] Net mem in module/entity imem does not have driver. [E:/VSCode/Github/Gitpush/riscv_pipeline/rtl/imem.v:6]
INFO: [Common 17-14] Message 'Synth 8-3848' appears 100 times and further instances of the messages will be disabled. Use the Tcl command set_msg_config to change the current settings.
WARNING: [Synth 8-7129] Port addr[31] in module dmem is either unconnected or has no load
WARNING: [Synth 8-7129] Port addr[30] in module dmem is either unconnected or has no load
WARNING: [Synth 8-7129] Port addr[29] in module dmem is either unconnected or has no load
WARNING: [Synth 8-7129] Port addr[28] in module dmem is either unconnected or has no load
WARNING: [Synth 8-7129] Port addr[27] in module dmem is either unconnected or has no load
WARNING: [Synth 8-7129] Port addr[26] in module dmem is either unconnected or has no load
WARNING: [Synth 8-7129] Port addr[25] in module dmem is either unconnected or has no load
WARNING: [Synth 8-7129] Port addr[24] in module dmem is either unconnected or has no load
WARNING: [Synth 8-7129] Port addr[23] in module dmem is either unconnected or has no load
WARNING: [Synth 8-7129] Port addr[22] in module dmem is either unconnected or has no load
WARNING: [Synth 8-7129] Port addr[21] in module dmem is either unconnected or has no load
WARNING: [Synth 8-7129] Port addr[20] in module dmem is either unconnected or has no load
WARNING: [Synth 8-7129] Port addr[19] in module dmem is either unconnected or has no load
WARNING: [Synth 8-7129] Port addr[18] in module dmem is either unconnected or has no load
WARNING: [Synth 8-7129] Port addr[17] in module dmem is either unconnected or has no load
WARNING: [Synth 8-7129] Port addr[16] in module dmem is either unconnected or has no load
WARNING: [Synth 8-7129] Port addr[15] in module dmem is either unconnected or has no load
WARNING: [Synth 8-7129] Port addr[14] in module dmem is either unconnected or has no load
WARNING: [Synth 8-7129] Port addr[13] in module dmem is either unconnected or has no load
WARNING: [Synth 8-7129] Port addr[12] in module dmem is either unconnected or has no load
WARNING: [Synth 8-7129] Port addr[11] in module dmem is either unconnected or has no load
WARNING: [Synth 8-7129] Port addr[10] in module dmem is either unconnected or has no load
WARNING: [Synth 8-7129] Port addr[31] in module imem is either unconnected or has no load
WARNING: [Synth 8-7129] Port addr[30] in module imem is either unconnected or has no load
WARNING: [Synth 8-7129] Port addr[29] in module imem is either unconnected or has no load
WARNING: [Synth 8-7129] Port addr[28] in module imem is either unconnected or has no load
WARNING: [Synth 8-7129] Port addr[27] in module imem is either unconnected or has no load
WARNING: [Synth 8-7129] Port addr[26] in module imem is either unconnected or has no load
WARNING: [Synth 8-7129] Port addr[25] in module imem is either unconnected or has no load
WARNING: [Synth 8-7129] Port addr[24] in module imem is either unconnected or has no load
WARNING: [Synth 8-7129] Port addr[23] in module imem is either unconnected or has no load
WARNING: [Synth 8-7129] Port addr[22] in module imem is either unconnected or has no load
WARNING: [Synth 8-7129] Port addr[21] in module imem is either unconnected or has no load
WARNING: [Synth 8-7129] Port addr[20] in module imem is either unconnected or has no load
WARNING: [Synth 8-7129] Port addr[19] in module imem is either unconnected or has no load
WARNING: [Synth 8-7129] Port addr[18] in module imem is either unconnected or has no load
WARNING: [Synth 8-7129] Port addr[17] in module imem is either unconnected or has no load
WARNING: [Synth 8-7129] Port addr[16] in module imem is either unconnected or has no load
WARNING: [Synth 8-7129] Port addr[15] in module imem is either unconnected or has no load
WARNING: [Synth 8-7129] Port addr[14] in module imem is either unconnected or has no load
WARNING: [Synth 8-7129] Port addr[13] in module imem is either unconnected or has no load
WARNING: [Synth 8-7129] Port addr[12] in module imem is either unconnected or has no load
WARNING: [Synth 8-7129] Port addr[11] in module imem is either unconnected or has no load
WARNING: [Synth 8-7129] Port addr[10] in module imem is either unconnected or has no load
WARNING: [Synth 8-7129] Port addr[1] in module imem is either unconnected or has no load
WARNING: [Synth 8-7129] Port addr[0] in module imem is either unconnected or has no load
---------------------------------------------------------------------------------
Finished Synthesize : Time (s): cpu = 00:00:05 ; elapsed = 00:00:06 . Memory (MB): peak = 1059.691 ; gain = 508.172
---------------------------------------------------------------------------------
---------------------------------------------------------------------------------
Finished Constraint Validation : Time (s): cpu = 00:00:06 ; elapsed = 00:00:06 . Memory (MB): peak = 1059.691 ; gain = 508.172
---------------------------------------------------------------------------------
---------------------------------------------------------------------------------
Start Loading Part and Timing Information
---------------------------------------------------------------------------------
Loading part: xck26-sfvc784-2LV-c
INFO: [Synth 8-6742] Reading net delay rules and data
---------------------------------------------------------------------------------
Finished Loading Part and Timing Information : Time (s): cpu = 00:00:06 ; elapsed = 00:00:06 . Memory (MB): peak = 1059.691 ; gain = 508.172
---------------------------------------------------------------------------------
INFO: [Device 21-403] Loading part xck26-sfvc784-2LV-c
INFO: [Synth 8-6904] The RAM "regfile:/regs_reg" of size (depth=32 x width=32) is automatically implemented using LUTRAM. BRAM implementation would be inefficient 
---------------------------------------------------------------------------------
Finished RTL Optimization Phase 2 : Time (s): cpu = 00:00:06 ; elapsed = 00:00:06 . Memory (MB): peak = 1059.691 ; gain = 508.172
---------------------------------------------------------------------------------
No constraint files found.
---------------------------------------------------------------------------------
Start RTL Component Statistics 
---------------------------------------------------------------------------------
Detailed RTL Component Info : 
+---Adders : 
	   2 Input   32 Bit       Adders := 4     
	   3 Input   32 Bit       Adders := 1     
+---XORs : 
	   2 Input     32 Bit         XORs := 1     
+---Registers : 
	               32 Bit    Registers := 13    
	                5 Bit    Registers := 5     
	                3 Bit    Registers := 2     
	                2 Bit    Registers := 1     
	                1 Bit    Registers := 18    
+---RAMs : 
	             1024 Bit	(32 X 32 bit)          RAMs := 1     
+---Muxes : 
	   2 Input   32 Bit        Muxes := 21    
	   6 Input   32 Bit        Muxes := 2     
	   4 Input   32 Bit        Muxes := 3     
	   3 Input   32 Bit        Muxes := 2     
	   2 Input   16 Bit        Muxes := 1     
	   4 Input    8 Bit        Muxes := 1     
	   2 Input    5 Bit        Muxes := 3     
	   5 Input    4 Bit        Muxes := 1     
	   8 Input    4 Bit        Muxes := 2     
	   6 Input    3 Bit        Muxes := 1     
	   2 Input    3 Bit        Muxes := 2     
	  10 Input    2 Bit        Muxes := 1     
	   2 Input    2 Bit        Muxes := 3     
	   2 Input    1 Bit        Muxes := 2     
	  10 Input    1 Bit        Muxes := 8     
---------------------------------------------------------------------------------
Finished RTL Component Statistics 
---------------------------------------------------------------------------------
---------------------------------------------------------------------------------
Start Part Resource Summary
---------------------------------------------------------------------------------
Part Resources:
DSPs: 1248 (col length:96)
BRAMs: 288 (col length: RAMB18 96 RAMB36 48)
---------------------------------------------------------------------------------
Finished Part Resource Summary
---------------------------------------------------------------------------------
No constraint files found.
---------------------------------------------------------------------------------
Start Cross Boundary and Area Optimization
---------------------------------------------------------------------------------
WARNING: [Synth 8-7080] Parallel synthesis criteria is not met
INFO: [Synth 8-6904] The RAM "regfile_inst/regs_reg" of size (depth=32 x width=32) is automatically implemented using LUTRAM. BRAM implementation would be inefficient 
WARNING: [Synth 8-7129] Port addr[31] in module dmem is either unconnected or has no load
WARNING: [Synth 8-7129] Port addr[30] in module dmem is either unconnected or has no load
WARNING: [Synth 8-7129] Port addr[29] in module dmem is either unconnected or has no load
WARNING: [Synth 8-7129] Port addr[28] in module dmem is either unconnected or has no load
WARNING: [Synth 8-7129] Port addr[27] in module dmem is either unconnected or has no load
WARNING: [Synth 8-7129] Port addr[26] in module dmem is either unconnected or has no load
WARNING: [Synth 8-7129] Port addr[25] in module dmem is either unconnected or has no load
WARNING: [Synth 8-7129] Port addr[24] in module dmem is either unconnected or has no load
WARNING: [Synth 8-7129] Port addr[23] in module dmem is either unconnected or has no load
WARNING: [Synth 8-7129] Port addr[22] in module dmem is either unconnected or has no load
WARNING: [Synth 8-7129] Port addr[21] in module dmem is either unconnected or has no load
WARNING: [Synth 8-7129] Port addr[20] in module dmem is either unconnected or has no load
WARNING: [Synth 8-7129] Port addr[19] in module dmem is either unconnected or has no load
WARNING: [Synth 8-7129] Port addr[18] in module dmem is either unconnected or has no load
WARNING: [Synth 8-7129] Port addr[17] in module dmem is either unconnected or has no load
WARNING: [Synth 8-7129] Port addr[16] in module dmem is either unconnected or has no load
WARNING: [Synth 8-7129] Port addr[15] in module dmem is either unconnected or has no load
WARNING: [Synth 8-7129] Port addr[14] in module dmem is either unconnected or has no load
WARNING: [Synth 8-7129] Port addr[13] in module dmem is either unconnected or has no load
WARNING: [Synth 8-7129] Port addr[12] in module dmem is either unconnected or has no load
WARNING: [Synth 8-7129] Port addr[11] in module dmem is either unconnected or has no load
WARNING: [Synth 8-7129] Port addr[10] in module dmem is either unconnected or has no load
WARNING: [Synth 8-7129] Port addr[31] in module imem is either unconnected or has no load
WARNING: [Synth 8-7129] Port addr[30] in module imem is either unconnected or has no load
WARNING: [Synth 8-7129] Port addr[29] in module imem is either unconnected or has no load
WARNING: [Synth 8-7129] Port addr[28] in module imem is either unconnected or has no load
WARNING: [Synth 8-7129] Port addr[27] in module imem is either unconnected or has no load
WARNING: [Synth 8-7129] Port addr[26] in module imem is either unconnected or has no load
WARNING: [Synth 8-7129] Port addr[25] in module imem is either unconnected or has no load
WARNING: [Synth 8-7129] Port addr[24] in module imem is either unconnected or has no load
WARNING: [Synth 8-7129] Port addr[23] in module imem is either unconnected or has no load
WARNING: [Synth 8-7129] Port addr[22] in module imem is either unconnected or has no load
WARNING: [Synth 8-7129] Port addr[21] in module imem is either unconnected or has no load
WARNING: [Synth 8-7129] Port addr[20] in module imem is either unconnected or has no load
WARNING: [Synth 8-7129] Port addr[19] in module imem is either unconnected or has no load
WARNING: [Synth 8-7129] Port addr[18] in module imem is either unconnected or has no load
WARNING: [Synth 8-7129] Port addr[17] in module imem is either unconnected or has no load
WARNING: [Synth 8-7129] Port addr[16] in module imem is either unconnected or has no load
WARNING: [Synth 8-7129] Port addr[15] in module imem is either unconnected or has no load
WARNING: [Synth 8-7129] Port addr[14] in module imem is either unconnected or has no load
WARNING: [Synth 8-7129] Port addr[13] in module imem is either unconnected or has no load
WARNING: [Synth 8-7129] Port addr[12] in module imem is either unconnected or has no load
WARNING: [Synth 8-7129] Port addr[11] in module imem is either unconnected or has no load
WARNING: [Synth 8-7129] Port addr[10] in module imem is either unconnected or has no load
WARNING: [Synth 8-7129] Port addr[1] in module imem is either unconnected or has no load
WARNING: [Synth 8-7129] Port addr[0] in module imem is either unconnected or has no load
---------------------------------------------------------------------------------
Finished Cross Boundary and Area Optimization : Time (s): cpu = 00:00:42 ; elapsed = 00:00:44 . Memory (MB): peak = 2010.840 ; gain = 1459.320
---------------------------------------------------------------------------------
---------------------------------------------------------------------------------
Start ROM, RAM, DSP, Shift Register and Retiming Reporting
---------------------------------------------------------------------------------

Distributed RAM: Preliminary Mapping Report (see note below)
+------------+-----------------------+-----------+----------------------+-----------------+
|Module Name | RTL Object            | Inference | Size (Depth x Width) | Primitives      | 
+------------+-----------------------+-----------+----------------------+-----------------+
|top         | regfile_inst/regs_reg | Implied   | 32 x 32              | RAM32M16 x 6    | 
|top         | dmem_inst/mem_reg     | Implied   | 256 x 32             | RAM256X1S x 32  | 
+------------+-----------------------+-----------+----------------------+-----------------+

Note: The table above is a preliminary report that shows the Distributed RAMs at the current stage of the synthesis flow. Some Distributed RAMs may be reimplemented as non Distributed RAM primitives later in the synthesis flow. Multiple instantiated RAMs are reported only once.
---------------------------------------------------------------------------------
Finished ROM, RAM, DSP, Shift Register and Retiming Reporting
---------------------------------------------------------------------------------
No constraint files found.
---------------------------------------------------------------------------------
Start Timing Optimization
---------------------------------------------------------------------------------
---------------------------------------------------------------------------------
Finished Timing Optimization : Time (s): cpu = 00:00:42 ; elapsed = 00:00:44 . Memory (MB): peak = 2010.840 ; gain = 1459.320
---------------------------------------------------------------------------------
---------------------------------------------------------------------------------
Start ROM, RAM, DSP, Shift Register and Retiming Reporting
---------------------------------------------------------------------------------

Distributed RAM: Final Mapping Report
+------------+-----------------------+-----------+----------------------+-----------------+
|Module Name | RTL Object            | Inference | Size (Depth x Width) | Primitives      | 
+------------+-----------------------+-----------+----------------------+-----------------+
|top         | regfile_inst/regs_reg | Implied   | 32 x 32              | RAM32M16 x 6    | 
|top         | dmem_inst/mem_reg     | Implied   | 256 x 32             | RAM256X1S x 32  | 
+------------+-----------------------+-----------+----------------------+-----------------+

---------------------------------------------------------------------------------
Finished ROM, RAM, DSP, Shift Register and Retiming Reporting
---------------------------------------------------------------------------------
---------------------------------------------------------------------------------
Start Technology Mapping
---------------------------------------------------------------------------------
---------------------------------------------------------------------------------
Finished Technology Mapping : Time (s): cpu = 00:00:43 ; elapsed = 00:00:44 . Memory (MB): peak = 2010.840 ; gain = 1459.320
---------------------------------------------------------------------------------
---------------------------------------------------------------------------------
Start IO Insertion
---------------------------------------------------------------------------------
---------------------------------------------------------------------------------
Start Flattening Before IO Insertion
---------------------------------------------------------------------------------
---------------------------------------------------------------------------------
Finished Flattening Before IO Insertion
---------------------------------------------------------------------------------
---------------------------------------------------------------------------------
Start Final Netlist Cleanup
---------------------------------------------------------------------------------
---------------------------------------------------------------------------------
Finished Final Netlist Cleanup
---------------------------------------------------------------------------------
---------------------------------------------------------------------------------
Finished IO Insertion : Time (s): cpu = 00:00:46 ; elapsed = 00:00:48 . Memory (MB): peak = 2010.840 ; gain = 1459.320
---------------------------------------------------------------------------------
---------------------------------------------------------------------------------
Start Renaming Generated Instances
---------------------------------------------------------------------------------
---------------------------------------------------------------------------------
Finished Renaming Generated Instances : Time (s): cpu = 00:00:46 ; elapsed = 00:00:48 . Memory (MB): peak = 2010.840 ; gain = 1459.320
---------------------------------------------------------------------------------
---------------------------------------------------------------------------------
Start Rebuilding User Hierarchy
---------------------------------------------------------------------------------
---------------------------------------------------------------------------------
Finished Rebuilding User Hierarchy : Time (s): cpu = 00:00:46 ; elapsed = 00:00:48 . Memory (MB): peak = 2010.840 ; gain = 1459.320
---------------------------------------------------------------------------------
---------------------------------------------------------------------------------
Start Renaming Generated Ports
---------------------------------------------------------------------------------
---------------------------------------------------------------------------------
Finished Renaming Generated Ports : Time (s): cpu = 00:00:46 ; elapsed = 00:00:48 . Memory (MB): peak = 2010.840 ; gain = 1459.320
---------------------------------------------------------------------------------
---------------------------------------------------------------------------------
Start Handling Custom Attributes
---------------------------------------------------------------------------------
---------------------------------------------------------------------------------
Finished Handling Custom Attributes : Time (s): cpu = 00:00:46 ; elapsed = 00:00:48 . Memory (MB): peak = 2010.840 ; gain = 1459.320
---------------------------------------------------------------------------------
---------------------------------------------------------------------------------
Start Renaming Generated Nets
---------------------------------------------------------------------------------
---------------------------------------------------------------------------------
Finished Renaming Generated Nets : Time (s): cpu = 00:00:46 ; elapsed = 00:00:48 . Memory (MB): peak = 2010.840 ; gain = 1459.320
---------------------------------------------------------------------------------
---------------------------------------------------------------------------------
Start Writing Synthesis Report
---------------------------------------------------------------------------------

Report BlackBoxes: 
+-+--------------+----------+
| |BlackBox name |Instances |
+-+--------------+----------+
+-+--------------+----------+

Report Cell Usage: 
+------+-------+------+
|      |Cell   |Count |
+------+-------+------+
|1     |CARRY8 |     8|
|2     |LUT1   |     1|
|3     |FDCE   |    96|
+------+-------+------+

Report Instance Areas: 
+------+------------------+-----------+------+
|      |Instance          |Module     |Cells |
+------+------------------+-----------+------+
|1     |top               |           |   105|
|2     |  alu_inst        |alu        |     4|
|3     |  ex_mem_reg_inst |ex_mem_reg |    32|
|4     |  mem_wb_reg_inst |mem_wb_reg |    32|
|5     |  pc_reg_inst     |pc_reg     |    37|
+------+------------------+-----------+------+
---------------------------------------------------------------------------------
Finished Writing Synthesis Report : Time (s): cpu = 00:00:46 ; elapsed = 00:00:48 . Memory (MB): peak = 2010.840 ; gain = 1459.320
---------------------------------------------------------------------------------
Synthesis finished with 0 errors, 0 critical warnings and 350 warnings.
Synthesis Optimization Runtime : Time (s): cpu = 00:00:46 ; elapsed = 00:00:48 . Memory (MB): peak = 2010.840 ; gain = 1459.320
Synthesis Optimization Complete : Time (s): cpu = 00:00:46 ; elapsed = 00:00:48 . Memory (MB): peak = 2010.840 ; gain = 1459.320
INFO: [Project 1-571] Translating synthesized netlist
Netlist sorting complete. Time (s): cpu = 00:00:00 ; elapsed = 00:00:00.001 . Memory (MB): peak = 2010.840 ; gain = 0.000
INFO: [Netlist 29-17] Analyzing 8 Unisim elements for replacement
INFO: [Netlist 29-28] Unisim Transformation completed in 0 CPU seconds
INFO: [Project 1-570] Preparing netlist for logic optimization
INFO: [Opt 31-138] Pushed 0 inverter(s) to 0 load pin(s).
Netlist sorting complete. Time (s): cpu = 00:00:00 ; elapsed = 00:00:00 . Memory (MB): peak = 2010.840 ; gain = 0.000
INFO: [Project 1-111] Unisim Transformation Summary:
No Unisim elements were transformed.

Synth Design complete, checksum: 5515ac07
INFO: [Common 17-83] Releasing license: Synthesis
54 Infos, 194 Warnings, 0 Critical Warnings and 0 Errors encountered.
synth_design completed successfully
synth_design: Time (s): cpu = 00:00:48 ; elapsed = 00:00:50 . Memory (MB): peak = 2010.840 ; gain = 1484.172
# write_checkpoint -force $outputDir/top_synth.dcp
INFO: [Timing 38-35] Done setting XDC timing constraints.
INFO: [Common 17-1381] The checkpoint 'E:/VSCode/Github/Gitpush/riscv_pipeline/sim/synth_output/top_synth.dcp' has been generated.
# report_utilization -file $outputDir/utilization.rpt
# report_timing_summary -file $outputDir/timing.rpt
INFO: [Timing 38-91] UpdateTimingParams: Speed grade: -2LV, Temperature grade: C, Delay Type: min_max.
INFO: [Timing 38-191] Multithreading enabled for timing update using a maximum of 2 CPUs
WARNING: [Timing 38-493] Port clk has one or several leaf clock pins in its transitive fanout without any clock buffer on the path and no clock reaching the clock pin(s). Vivado cannot infer the clock source when no clock buffer is found on the path to a leaf clock pin.
WARNING: [Timing 38-242] The property HD.CLK_SRC of clock port "clk" is not set. In out-of-context mode, this prevents timing estimation for clock delay/skew
Resolution: Set the HD.CLK_SRC property of the out-of-context port to the location of the clock buffer instance in the top-level design
report_timing_summary: Time (s): cpu = 00:00:21 ; elapsed = 00:00:23 . Memory (MB): peak = 3672.836 ; gain = 1661.996
# exit
INFO: [Common 17-206] Exiting Vivado at Wed Apr  8 16:15:44 2026...
