
****** xsim v2022.2 (64-bit)
  **** SW Build 3671981 on Fri Oct 14 05:00:03 MDT 2022
  **** IP Build 3669848 on Fri Oct 14 08:30:02 MDT 2022
    ** Copyright 1986-2022 Xilinx, Inc. All Rights Reserved.

source xsim.dir/tb_top_snapshot/xsim_script.tcl
# xsim {tb_top_snapshot} -autoloadwcfg -runall
Time resolution is 1 ps
run -all
=================================================
  PHASE 1: ISA Coverage Test
=================================================
[PASS] Test 1: x1 = 0x00000005 (expected 0x00000005)
[PASS] Test 2: x2 = 0x00000003 (expected 0x00000003)
[PASS] Test 3: x3 = 0x00000008 (expected 0x00000008)
[PASS] Test 4: x4 = 0x00000002 (expected 0x00000002)
[PASS] Test 5: x5 = 0x00000001 (expected 0x00000001)
[PASS] Test 6: x6 = 0x00000007 (expected 0x00000007)
[PASS] Test 7: x7 = 0x00000006 (expected 0x00000006)
[PASS] Test 8: x8 = 0x00000028 (expected 0x00000028)
[PASS] Test 9: x9 = 0x00000000 (expected 0x00000000)
[PASS] Test 10: x10 = 0x00000001 (expected 0x00000001)
[PASS] Test 11: x11 = 0x00000000 (expected 0x00000000)
[PASS] Test 12: x12 = 0x00001000 (expected 0x00001000)
[PASS] Test 13: x14 = 0x00000064 (expected 0x00000064)
[PASS] Test 14: x15 = 0x000000c8 (expected 0x000000c8)

=================================================
  PHASE 2: Hazard & Forwarding Tests
=================================================
[PASS] Test 15: x2 = 0x00000014 (expected 0x00000014)
[PASS] Test 16: x4 = 0x0000000e (expected 0x0000000e)
[PASS] Test 17: x6 = 0x00000054 (expected 0x00000054)
[PASS] Test 18: x9 = 0x00000000 (expected 0x00000000)
[PASS] Test 19: x10 = 0x0000004d (expected 0x0000004d)

=================================================
  PHASE 3: Integration Test — Sum 1..10
=================================================
[PASS] Test 20: x1 = 0x00000037 (expected 0x00000037)

=================================================
  TONG KET: 20/20 tests PASSED
  >>> TAT CA TESTS DAT YEU CAU <<<
=================================================
$finish called at time : 2215 ns : File "E:/VSCode/Github/Gitpush/riscv_pipeline/tb/tb_top.v" Line 196
exit
INFO: [Common 17-206] Exiting xsim at Wed Apr  8 15:47:58 2026...
