#-----------------------------------------------------------
# xsim v2022.2 (64-bit)
# SW Build 3671981 on Fri Oct 14 05:00:03 MDT 2022
# IP Build 3669848 on Fri Oct 14 08:30:02 MDT 2022
# Start of session at: Wed Apr  8 21:36:05 2026
# Process ID: 31168
# Current directory: E:/VSCode/Github/Gitpush/riscv_pipeline/sim_logs
# Command line: xsim.exe -mode tcl -source {xsim.dir/tb_snap/xsim_script.tcl}
# Log file: E:/VSCode/Github/Gitpush/riscv_pipeline/sim_logs/xsim.log
# Journal file: E:/VSCode/Github/Gitpush/riscv_pipeline/sim_logs\xsim.jou
# Running On: TuanUSau, OS: Windows, CPU Frequency: 3194 MHz, CPU Physical cores: 16, Host memory: 17024 MB
#-----------------------------------------------------------
source xsim.dir/tb_snap/xsim_script.tcl
# xsim {tb_snap} -autoloadwcfg -runall
Time resolution is 1 ps
run -all
=================================================
  PHASE 1: ISA Coverage Test
=================================================
[FAIL] Test 1: x1 = 0x00000000 (exp 0x00000005) *** FAIL ***
[FAIL] Test 2: x2 = 0x00000000 (exp 0x00000003) *** FAIL ***
[FAIL] Test 3: x3 = 0x00000000 (exp 0x00000008) *** FAIL ***
[FAIL] Test 4: x4 = 0x00000000 (exp 0x00000002) *** FAIL ***
[FAIL] Test 5: x5 = 0x00000000 (exp 0x00000001) *** FAIL ***
[FAIL] Test 6: x6 = 0x00000000 (exp 0x00000007) *** FAIL ***
[FAIL] Test 7: x7 = 0x00000000 (exp 0x00000006) *** FAIL ***
[FAIL] Test 8: x8 = 0x00000000 (exp 0x00000028) *** FAIL ***
[PASS] Test 9: x9 = 0x00000000
[FAIL] Test 10: x10 = 0x00000000 (exp 0x00000001) *** FAIL ***
[PASS] Test 11: x11 = 0x00000000
[FAIL] Test 12: x12 = 0x00000000 (exp 0x00001000) *** FAIL ***
[PASS] Test 13: x14 = 0x00000064
[FAIL] Test 14: x15 = 0x00000000 (exp 0x000000c8) *** FAIL ***

=================================================
  PHASE 2: Hazard & Forwarding Tests
=================================================
[FAIL] Test 15: x2 = 0x00000000 (exp 0x00000014) *** FAIL ***
[FAIL] Test 16: x4 = 0x00000000 (exp 0x0000000e) *** FAIL ***
[FAIL] Test 17: x6 = 0x00000000 (exp 0x00000054) *** FAIL ***
[PASS] Test 18: x9 = 0x00000000
[FAIL] Test 19: x10 = 0x00000000 (exp 0x0000004d) *** FAIL ***

=================================================
  PHASE 3: Integration Test — Sum 1..10
=================================================
[FAIL] Test 20: x1 = 0x00000000 (exp 0x00000037) *** FAIL ***

=================================================
  TOTAL: 4/20 tests PASSED
=================================================
$finish called at time : 2915 ns : File "E:/VSCode/Github/Gitpush/riscv_pipeline/tb/tb_top.v" Line 112
exit
INFO: [Common 17-206] Exiting xsim at Wed Apr  8 21:36:07 2026...
